2019-10-22 10:23:00,162 INFO (SpringApplication.java:654)- No active profile set, falling back to default profiles: default
2019-10-22 10:23:09,275 DEBUG (GenericFilterBean.java:213)- Initializing filter 'smsCodeFilter'
2019-10-22 10:23:09,277 DEBUG (GenericFilterBean.java:244)- Filter 'smsCodeFilter' configured successfully
2019-10-22 10:23:09,285 DEBUG (GenericFilterBean.java:213)- Initializing filter 'loginAuthenticationFilter'
2019-10-22 10:23:09,286 DEBUG (GenericFilterBean.java:244)- Filter 'loginAuthenticationFilter' configured successfully
2019-10-22 10:23:09,287 DEBUG (GenericFilterBean.java:213)- Initializing filter 'validateCodeFilter'
2019-10-22 10:23:09,288 DEBUG (GenericFilterBean.java:244)- Filter 'validateCodeFilter' configured successfully
2019-10-22 16:30:50,959 INFO (SpringApplication.java:654)- No active profile set, falling back to default profiles: default
2019-10-22 16:31:00,119 DEBUG (GenericFilterBean.java:213)- Initializing filter 'smsCodeFilter'
2019-10-22 16:31:00,119 DEBUG (GenericFilterBean.java:244)- Filter 'smsCodeFilter' configured successfully
2019-10-22 16:31:00,121 DEBUG (GenericFilterBean.java:213)- Initializing filter 'loginAuthenticationFilter'
2019-10-22 16:31:00,122 DEBUG (GenericFilterBean.java:244)- Filter 'loginAuthenticationFilter' configured successfully
2019-10-22 16:31:00,122 DEBUG (GenericFilterBean.java:213)- Initializing filter 'validateCodeFilter'
2019-10-22 16:31:00,122 DEBUG (GenericFilterBean.java:244)- Filter 'validateCodeFilter' configured successfully
2019-10-22 17:18:54,473 INFO (SpringApplication.java:654)- No active profile set, falling back to default profiles: default
2019-10-22 17:19:02,773 DEBUG (GenericFilterBean.java:213)- Initializing filter 'smsCodeFilter'
2019-10-22 17:19:02,774 DEBUG (GenericFilterBean.java:244)- Filter 'smsCodeFilter' configured successfully
2019-10-22 17:19:02,776 DEBUG (GenericFilterBean.java:213)- Initializing filter 'loginAuthenticationFilter'
2019-10-22 17:19:02,776 DEBUG (GenericFilterBean.java:244)- Filter 'loginAuthenticationFilter' configured successfully
2019-10-22 17:19:02,776 DEBUG (GenericFilterBean.java:213)- Initializing filter 'validateCodeFilter'
2019-10-22 17:19:02,776 DEBUG (GenericFilterBean.java:244)- Filter 'validateCodeFilter' configured successfully
2019-10-22 17:41:26,704 INFO (SpringApplication.java:654)- No active profile set, falling back to default profiles: default
2019-10-22 17:41:36,034 DEBUG (GenericFilterBean.java:213)- Initializing filter 'smsCodeFilter'
2019-10-22 17:41:36,035 DEBUG (GenericFilterBean.java:244)- Filter 'smsCodeFilter' configured successfully
2019-10-22 17:41:36,036 DEBUG (GenericFilterBean.java:213)- Initializing filter 'loginAuthenticationFilter'
2019-10-22 17:41:36,037 DEBUG (GenericFilterBean.java:244)- Filter 'loginAuthenticationFilter' configured successfully
2019-10-22 17:41:36,037 DEBUG (GenericFilterBean.java:213)- Initializing filter 'validateCodeFilter'
2019-10-22 17:41:36,037 DEBUG (GenericFilterBean.java:244)- Filter 'validateCodeFilter' configured successfully
2019-10-22 17:43:51,928 INFO (SpringApplication.java:654)- No active profile set, falling back to default profiles: default
2019-10-22 17:44:00,084 DEBUG (GenericFilterBean.java:213)- Initializing filter 'smsCodeFilter'
2019-10-22 17:44:00,084 DEBUG (GenericFilterBean.java:244)- Filter 'smsCodeFilter' configured successfully
2019-10-22 17:44:00,086 DEBUG (GenericFilterBean.java:213)- Initializing filter 'loginAuthenticationFilter'
2019-10-22 17:44:00,086 DEBUG (GenericFilterBean.java:244)- Filter 'loginAuthenticationFilter' configured successfully
2019-10-22 17:44:00,087 DEBUG (GenericFilterBean.java:213)- Initializing filter 'validateCodeFilter'
2019-10-22 17:44:00,087 DEBUG (GenericFilterBean.java:244)- Filter 'validateCodeFilter' configured successfully
