2019-11-05 09:53:02,238 INFO (SpringApplication.java:654)- No active profile set, falling back to default profiles: default
2019-11-05 09:53:10,603 DEBUG (GenericFilterBean.java:213)- Initializing filter 'smsCodeFilter'
2019-11-05 09:53:10,603 DEBUG (GenericFilterBean.java:244)- Filter 'smsCodeFilter' configured successfully
2019-11-05 09:53:10,622 DEBUG (GenericFilterBean.java:213)- Initializing filter 'loginAuthenticationFilter'
2019-11-05 09:53:10,623 DEBUG (GenericFilterBean.java:244)- Filter 'loginAuthenticationFilter' configured successfully
2019-11-05 09:53:10,623 DEBUG (GenericFilterBean.java:213)- Initializing filter 'validateCodeFilter'
2019-11-05 09:53:10,624 DEBUG (GenericFilterBean.java:244)- Filter 'validateCodeFilter' configured successfully
2019-11-05 10:28:27,152 INFO (SpringApplication.java:654)- No active profile set, falling back to default profiles: default
2019-11-05 10:28:35,408 DEBUG (GenericFilterBean.java:213)- Initializing filter 'smsCodeFilter'
2019-11-05 10:28:35,409 DEBUG (GenericFilterBean.java:244)- Filter 'smsCodeFilter' configured successfully
2019-11-05 10:28:35,410 DEBUG (GenericFilterBean.java:213)- Initializing filter 'loginAuthenticationFilter'
2019-11-05 10:28:35,411 DEBUG (GenericFilterBean.java:244)- Filter 'loginAuthenticationFilter' configured successfully
2019-11-05 10:28:35,411 DEBUG (GenericFilterBean.java:213)- Initializing filter 'validateCodeFilter'
2019-11-05 10:28:35,411 DEBUG (GenericFilterBean.java:244)- Filter 'validateCodeFilter' configured successfully
2019-11-05 11:02:02,719 INFO (SpringApplication.java:654)- No active profile set, falling back to default profiles: default
2019-11-05 11:02:11,086 DEBUG (GenericFilterBean.java:213)- Initializing filter 'smsCodeFilter'
2019-11-05 11:02:11,086 DEBUG (GenericFilterBean.java:244)- Filter 'smsCodeFilter' configured successfully
2019-11-05 11:02:11,088 DEBUG (GenericFilterBean.java:213)- Initializing filter 'loginAuthenticationFilter'
2019-11-05 11:02:11,088 DEBUG (GenericFilterBean.java:244)- Filter 'loginAuthenticationFilter' configured successfully
2019-11-05 11:02:11,088 DEBUG (GenericFilterBean.java:213)- Initializing filter 'validateCodeFilter'
2019-11-05 11:02:11,088 DEBUG (GenericFilterBean.java:244)- Filter 'validateCodeFilter' configured successfully
2019-11-05 11:07:38,534 INFO (SpringApplication.java:654)- No active profile set, falling back to default profiles: default
2019-11-05 11:07:46,850 DEBUG (GenericFilterBean.java:213)- Initializing filter 'smsCodeFilter'
2019-11-05 11:07:46,851 DEBUG (GenericFilterBean.java:244)- Filter 'smsCodeFilter' configured successfully
2019-11-05 11:07:46,853 DEBUG (GenericFilterBean.java:213)- Initializing filter 'loginAuthenticationFilter'
2019-11-05 11:07:46,853 DEBUG (GenericFilterBean.java:244)- Filter 'loginAuthenticationFilter' configured successfully
2019-11-05 11:07:46,854 DEBUG (GenericFilterBean.java:213)- Initializing filter 'validateCodeFilter'
2019-11-05 11:07:46,854 DEBUG (GenericFilterBean.java:244)- Filter 'validateCodeFilter' configured successfully
