2019-10-17 09:41:21,483 INFO (SpringApplication.java:654)- No active profile set, falling back to default profiles: default
2019-10-17 09:43:40,948 INFO (SpringApplication.java:654)- No active profile set, falling back to default profiles: default
2019-10-17 09:44:25,907 INFO (SpringApplication.java:654)- No active profile set, falling back to default profiles: default
2019-10-17 09:47:00,694 INFO (SpringApplication.java:654)- No active profile set, falling back to default profiles: default
2019-10-17 09:47:05,906 DEBUG (GenericFilterBean.java:213)- Initializing filter 'loginAuthenticationFilter'
2019-10-17 09:47:05,907 DEBUG (GenericFilterBean.java:244)- Filter 'loginAuthenticationFilter' configured successfully
2019-10-17 09:47:05,907 DEBUG (GenericFilterBean.java:213)- Initializing filter 'smsCodeFilter'
2019-10-17 09:47:05,907 DEBUG (GenericFilterBean.java:244)- Filter 'smsCodeFilter' configured successfully
2019-10-17 09:47:05,907 DEBUG (GenericFilterBean.java:213)- Initializing filter 'validateCodeFilter'
2019-10-17 09:47:05,908 DEBUG (GenericFilterBean.java:244)- Filter 'validateCodeFilter' configured successfully
2019-10-17 09:47:35,612 INFO (SpringApplication.java:654)- No active profile set, falling back to default profiles: default
2019-10-17 09:47:40,642 DEBUG (GenericFilterBean.java:213)- Initializing filter 'loginAuthenticationFilter'
2019-10-17 09:47:40,642 DEBUG (GenericFilterBean.java:244)- Filter 'loginAuthenticationFilter' configured successfully
2019-10-17 09:47:40,643 DEBUG (GenericFilterBean.java:213)- Initializing filter 'smsCodeFilter'
2019-10-17 09:47:40,643 DEBUG (GenericFilterBean.java:244)- Filter 'smsCodeFilter' configured successfully
2019-10-17 09:47:40,643 DEBUG (GenericFilterBean.java:213)- Initializing filter 'validateCodeFilter'
2019-10-17 09:47:40,643 DEBUG (GenericFilterBean.java:244)- Filter 'validateCodeFilter' configured successfully
2019-10-17 09:48:03,650 INFO (SpringApplication.java:654)- No active profile set, falling back to default profiles: default
2019-10-17 09:48:08,573 DEBUG (GenericFilterBean.java:213)- Initializing filter 'loginAuthenticationFilter'
2019-10-17 09:48:08,573 DEBUG (GenericFilterBean.java:244)- Filter 'loginAuthenticationFilter' configured successfully
2019-10-17 09:48:08,574 DEBUG (GenericFilterBean.java:213)- Initializing filter 'smsCodeFilter'
2019-10-17 09:48:08,574 DEBUG (GenericFilterBean.java:244)- Filter 'smsCodeFilter' configured successfully
2019-10-17 09:48:08,574 DEBUG (GenericFilterBean.java:213)- Initializing filter 'validateCodeFilter'
2019-10-17 09:48:08,574 DEBUG (GenericFilterBean.java:244)- Filter 'validateCodeFilter' configured successfully
2019-10-17 09:48:47,599 INFO (SpringApplication.java:654)- No active profile set, falling back to default profiles: default
2019-10-17 09:48:52,683 DEBUG (GenericFilterBean.java:213)- Initializing filter 'loginAuthenticationFilter'
2019-10-17 09:48:52,683 DEBUG (GenericFilterBean.java:244)- Filter 'loginAuthenticationFilter' configured successfully
2019-10-17 09:48:52,683 DEBUG (GenericFilterBean.java:213)- Initializing filter 'smsCodeFilter'
2019-10-17 09:48:52,684 DEBUG (GenericFilterBean.java:244)- Filter 'smsCodeFilter' configured successfully
2019-10-17 09:48:52,684 DEBUG (GenericFilterBean.java:213)- Initializing filter 'validateCodeFilter'
2019-10-17 09:48:52,684 DEBUG (GenericFilterBean.java:244)- Filter 'validateCodeFilter' configured successfully
2019-10-17 09:48:55,793 INFO (StartupInfoLogger.java:59)- Started SecurityserverApplication in 10.173 seconds (JVM running for 10.549)
2019-10-17 09:49:51,058 INFO (SpringApplication.java:654)- No active profile set, falling back to default profiles: default
2019-10-17 10:06:08,073 INFO (SpringApplication.java:654)- No active profile set, falling back to default profiles: default
2019-10-17 10:09:26,007 INFO (SpringApplication.java:654)- No active profile set, falling back to default profiles: default
2019-10-17 10:09:30,889 DEBUG (GenericFilterBean.java:213)- Initializing filter 'loginAuthenticationFilter'
2019-10-17 10:09:30,889 DEBUG (GenericFilterBean.java:244)- Filter 'loginAuthenticationFilter' configured successfully
2019-10-17 10:09:30,890 DEBUG (GenericFilterBean.java:213)- Initializing filter 'smsCodeFilter'
2019-10-17 10:09:30,890 DEBUG (GenericFilterBean.java:244)- Filter 'smsCodeFilter' configured successfully
2019-10-17 10:09:30,890 DEBUG (GenericFilterBean.java:213)- Initializing filter 'validateCodeFilter'
2019-10-17 10:09:30,890 DEBUG (GenericFilterBean.java:244)- Filter 'validateCodeFilter' configured successfully
2019-10-17 10:09:33,823 INFO (StartupInfoLogger.java:59)- Started SecurityserverApplication in 9.727 seconds (JVM running for 10.101)
2019-10-17 10:12:42,183 INFO (SpringApplication.java:654)- No active profile set, falling back to default profiles: default
2019-10-17 10:12:47,461 DEBUG (GenericFilterBean.java:213)- Initializing filter 'loginAuthenticationFilter'
2019-10-17 10:12:47,462 DEBUG (GenericFilterBean.java:244)- Filter 'loginAuthenticationFilter' configured successfully
2019-10-17 10:12:47,462 DEBUG (GenericFilterBean.java:213)- Initializing filter 'smsCodeFilter'
2019-10-17 10:12:47,462 DEBUG (GenericFilterBean.java:244)- Filter 'smsCodeFilter' configured successfully
2019-10-17 10:12:47,463 DEBUG (GenericFilterBean.java:213)- Initializing filter 'validateCodeFilter'
2019-10-17 10:12:47,463 DEBUG (GenericFilterBean.java:244)- Filter 'validateCodeFilter' configured successfully
2019-10-17 10:12:50,590 INFO (StartupInfoLogger.java:59)- Started SecurityserverApplication in 10.321 seconds (JVM running for 10.703)
2019-10-17 10:14:29,418 DEBUG (AbstractAuthenticationProcessingFilter.java:206)- Request is to process authentication
2019-10-17 10:14:29,588 DEBUG (BaseJdbcLogger.java:159)- ==>  Preparing: select * from tz_sys_user where username = ? 
2019-10-17 10:14:29,622 DEBUG (BaseJdbcLogger.java:159)- ==> Parameters: admin(String)
2019-10-17 10:14:29,646 DEBUG (BaseJdbcLogger.java:159)- <==      Total: 1
2019-10-17 10:14:29,724 DEBUG (BaseJdbcLogger.java:159)- ==>  Preparing: select * from tz_sys_menu order by order_num 
2019-10-17 10:14:29,724 DEBUG (BaseJdbcLogger.java:159)- ==> Parameters: 
2019-10-17 10:14:29,740 DEBUG (BaseJdbcLogger.java:159)- <==      Total: 104
2019-10-17 10:14:29,822 DEBUG (AbstractAuthenticationProcessingFilter.java:312)- Authentication success. Updating SecurityContextHolder to contain: org.springframework.security.authentication.UsernamePasswordAuthenticationToken@7354264d: Principal: snod.com.cn.entity.SecurityUser@586034f: Username: admin; Password: [PROTECTED]; Enabled: true; AccountNonExpired: true; credentialsNonExpired: true; AccountNonLocked: true; Granted Authorities: admin:area:delete,admin:area:info,admin:area:list,admin:area:page,admin:area:save,admin:area:update,admin:hotSearch:delete,admin:hotSearch:page,admin:hotSearch:save,admin:hotSearch:update,admin:indexImg:delete,admin:indexImg:info,admin:indexImg:page,admin:indexImg:save,admin:indexImg:update,admin:user:delete,admin:user:info,admin:user:page,admin:user:save,admin:user:update,order:order:delete,order:order:delivery,order:order:info,order:order:page,order:order:pay,order:order:save,order:order:soldExcel,order:order:update,order:order:waitingConsignmentExcel,prod:category:delete,prod:category:info,prod:category:page,prod:category:save,prod:category:update,prod:prod:delete,prod:prod:info,prod:prod:page,prod:prod:save,prod:prod:update,prod:prodComm:delete,prod:prodComm:info,prod:prodComm:page,prod:prodComm:save,prod:prodComm:update,prod:prodTag,prod:prodTag:delete,prod:prodTag:info,prod:prodTag:page,prod:prodTag:save,prod:prodTag:update,prod:spec:delete,prod:spec:info,prod:spec:page,prod:spec:save,prod:spec:update,shop:notice:delete,shop:notice:info,shop:notice:page,shop:notice:save,shop:notice:update,shop:pickAddr:delete,shop:pickAddr:info,shop:pickAddr:page,shop:pickAddr:save,shop:pickAddr:update,shop:shopDetail:info,shop:transcity:info,shop:transfee:delete,shop:transfee:info,shop:transfee:save,shop:transfee:update,shop:transport:delete,shop:transport:info,shop:transport:page,shop:transport:save,shop:transport:update,sys:config:delete,sys:config:info,sys:config:page,sys:config:save,sys:config:update,sys:log:page,sys:menu:delete,sys:menu:info,sys:menu:list,sys:menu:save,sys:menu:select,sys:menu:update,sys:role:delete,sys:role:info,sys:role:list,sys:role:page,sys:role:save,sys:role:update,sys:schedule:delete,sys:schedule:info,sys:schedule:log,sys:schedule:page,sys:schedule:pause,sys:schedule:resume,sys:schedule:run,sys:schedule:save,sys:schedule:update,sys:user:delete,sys:user:info,sys:user:page,sys:user:save,sys:user:update,user:addr:save; Credentials: [PROTECTED]; Authenticated: true; Details: org.springframework.security.web.authentication.WebAuthenticationDetails@7798: RemoteIpAddress: 192.168.107.145; SessionId: null; Granted Authorities: admin:area:delete, admin:area:info, admin:area:list, admin:area:page, admin:area:save, admin:area:update, admin:hotSearch:delete, admin:hotSearch:page, admin:hotSearch:save, admin:hotSearch:update, admin:indexImg:delete, admin:indexImg:info, admin:indexImg:page, admin:indexImg:save, admin:indexImg:update, admin:user:delete, admin:user:info, admin:user:page, admin:user:save, admin:user:update, order:order:delete, order:order:delivery, order:order:info, order:order:page, order:order:pay, order:order:save, order:order:soldExcel, order:order:update, order:order:waitingConsignmentExcel, prod:category:delete, prod:category:info, prod:category:page, prod:category:save, prod:category:update, prod:prod:delete, prod:prod:info, prod:prod:page, prod:prod:save, prod:prod:update, prod:prodComm:delete, prod:prodComm:info, prod:prodComm:page, prod:prodComm:save, prod:prodComm:update, prod:prodTag, prod:prodTag:delete, prod:prodTag:info, prod:prodTag:page, prod:prodTag:save, prod:prodTag:update, prod:spec:delete, prod:spec:info, prod:spec:page, prod:spec:save, prod:spec:update, shop:notice:delete, shop:notice:info, shop:notice:page, shop:notice:save, shop:notice:update, shop:pickAddr:delete, shop:pickAddr:info, shop:pickAddr:page, shop:pickAddr:save, shop:pickAddr:update, shop:shopDetail:info, shop:transcity:info, shop:transfee:delete, shop:transfee:info, shop:transfee:save, shop:transfee:update, shop:transport:delete, shop:transport:info, shop:transport:page, shop:transport:save, shop:transport:update, sys:config:delete, sys:config:info, sys:config:page, sys:config:save, sys:config:update, sys:log:page, sys:menu:delete, sys:menu:info, sys:menu:list, sys:menu:save, sys:menu:select, sys:menu:update, sys:role:delete, sys:role:info, sys:role:list, sys:role:page, sys:role:save, sys:role:update, sys:schedule:delete, sys:schedule:info, sys:schedule:log, sys:schedule:page, sys:schedule:pause, sys:schedule:resume, sys:schedule:run, sys:schedule:save, sys:schedule:update, sys:user:delete, sys:user:info, sys:user:page, sys:user:save, sys:user:update, user:addr:save
2019-10-17 10:14:29,960 DEBUG (MyAuthenticationSucessHandler.java:78)- 登录成功
2019-10-17 10:20:43,833 INFO (SpringApplication.java:654)- No active profile set, falling back to default profiles: default
2019-10-17 10:20:48,783 DEBUG (GenericFilterBean.java:213)- Initializing filter 'loginAuthenticationFilter'
2019-10-17 10:20:48,784 DEBUG (GenericFilterBean.java:244)- Filter 'loginAuthenticationFilter' configured successfully
2019-10-17 10:20:48,784 DEBUG (GenericFilterBean.java:213)- Initializing filter 'smsCodeFilter'
2019-10-17 10:20:48,785 DEBUG (GenericFilterBean.java:244)- Filter 'smsCodeFilter' configured successfully
2019-10-17 10:20:48,785 DEBUG (GenericFilterBean.java:213)- Initializing filter 'validateCodeFilter'
2019-10-17 10:20:48,785 DEBUG (GenericFilterBean.java:244)- Filter 'validateCodeFilter' configured successfully
2019-10-17 10:20:51,798 INFO (StartupInfoLogger.java:59)- Started SecurityserverApplication in 9.912 seconds (JVM running for 10.314)
2019-10-17 10:20:59,170 DEBUG (AbstractAuthenticationProcessingFilter.java:206)- Request is to process authentication
2019-10-17 10:20:59,282 DEBUG (BaseJdbcLogger.java:159)- ==>  Preparing: select * from tz_sys_user where username = ? 
2019-10-17 10:20:59,301 DEBUG (BaseJdbcLogger.java:159)- ==> Parameters: admin(String)
2019-10-17 10:20:59,315 DEBUG (BaseJdbcLogger.java:159)- <==      Total: 1
2019-10-17 10:20:59,385 DEBUG (BaseJdbcLogger.java:159)- ==>  Preparing: select * from tz_sys_menu order by order_num 
2019-10-17 10:20:59,386 DEBUG (BaseJdbcLogger.java:159)- ==> Parameters: 
2019-10-17 10:20:59,396 DEBUG (BaseJdbcLogger.java:159)- <==      Total: 104
2019-10-17 10:20:59,469 DEBUG (AbstractAuthenticationProcessingFilter.java:312)- Authentication success. Updating SecurityContextHolder to contain: org.springframework.security.authentication.UsernamePasswordAuthenticationToken@8ca9fbdd: Principal: snod.com.cn.entity.SecurityUser@586034f: Username: admin; Password: [PROTECTED]; Enabled: true; AccountNonExpired: true; credentialsNonExpired: true; AccountNonLocked: true; Granted Authorities: admin:area:delete,admin:area:info,admin:area:list,admin:area:page,admin:area:save,admin:area:update,admin:hotSearch:delete,admin:hotSearch:page,admin:hotSearch:save,admin:hotSearch:update,admin:indexImg:delete,admin:indexImg:info,admin:indexImg:page,admin:indexImg:save,admin:indexImg:update,admin:user:delete,admin:user:info,admin:user:page,admin:user:save,admin:user:update,order:order:delete,order:order:delivery,order:order:info,order:order:page,order:order:pay,order:order:save,order:order:soldExcel,order:order:update,order:order:waitingConsignmentExcel,prod:category:delete,prod:category:info,prod:category:page,prod:category:save,prod:category:update,prod:prod:delete,prod:prod:info,prod:prod:page,prod:prod:save,prod:prod:update,prod:prodComm:delete,prod:prodComm:info,prod:prodComm:page,prod:prodComm:save,prod:prodComm:update,prod:prodTag,prod:prodTag:delete,prod:prodTag:info,prod:prodTag:page,prod:prodTag:save,prod:prodTag:update,prod:spec:delete,prod:spec:info,prod:spec:page,prod:spec:save,prod:spec:update,shop:notice:delete,shop:notice:info,shop:notice:page,shop:notice:save,shop:notice:update,shop:pickAddr:delete,shop:pickAddr:info,shop:pickAddr:page,shop:pickAddr:save,shop:pickAddr:update,shop:shopDetail:info,shop:transcity:info,shop:transfee:delete,shop:transfee:info,shop:transfee:save,shop:transfee:update,shop:transport:delete,shop:transport:info,shop:transport:page,shop:transport:save,shop:transport:update,sys:config:delete,sys:config:info,sys:config:page,sys:config:save,sys:config:update,sys:log:page,sys:menu:delete,sys:menu:info,sys:menu:list,sys:menu:save,sys:menu:select,sys:menu:update,sys:role:delete,sys:role:info,sys:role:list,sys:role:page,sys:role:save,sys:role:update,sys:schedule:delete,sys:schedule:info,sys:schedule:log,sys:schedule:page,sys:schedule:pause,sys:schedule:resume,sys:schedule:run,sys:schedule:save,sys:schedule:update,sys:user:delete,sys:user:info,sys:user:page,sys:user:save,sys:user:update,user:addr:save; Credentials: [PROTECTED]; Authenticated: true; Details: org.springframework.security.web.authentication.WebAuthenticationDetails@fffdaa08: RemoteIpAddress: 192.168.107.145; SessionId: 1c784b1b-eb3e-4acd-8f5a-366d963dfa17; Granted Authorities: admin:area:delete, admin:area:info, admin:area:list, admin:area:page, admin:area:save, admin:area:update, admin:hotSearch:delete, admin:hotSearch:page, admin:hotSearch:save, admin:hotSearch:update, admin:indexImg:delete, admin:indexImg:info, admin:indexImg:page, admin:indexImg:save, admin:indexImg:update, admin:user:delete, admin:user:info, admin:user:page, admin:user:save, admin:user:update, order:order:delete, order:order:delivery, order:order:info, order:order:page, order:order:pay, order:order:save, order:order:soldExcel, order:order:update, order:order:waitingConsignmentExcel, prod:category:delete, prod:category:info, prod:category:page, prod:category:save, prod:category:update, prod:prod:delete, prod:prod:info, prod:prod:page, prod:prod:save, prod:prod:update, prod:prodComm:delete, prod:prodComm:info, prod:prodComm:page, prod:prodComm:save, prod:prodComm:update, prod:prodTag, prod:prodTag:delete, prod:prodTag:info, prod:prodTag:page, prod:prodTag:save, prod:prodTag:update, prod:spec:delete, prod:spec:info, prod:spec:page, prod:spec:save, prod:spec:update, shop:notice:delete, shop:notice:info, shop:notice:page, shop:notice:save, shop:notice:update, shop:pickAddr:delete, shop:pickAddr:info, shop:pickAddr:page, shop:pickAddr:save, shop:pickAddr:update, shop:shopDetail:info, shop:transcity:info, shop:transfee:delete, shop:transfee:info, shop:transfee:save, shop:transfee:update, shop:transport:delete, shop:transport:info, shop:transport:page, shop:transport:save, shop:transport:update, sys:config:delete, sys:config:info, sys:config:page, sys:config:save, sys:config:update, sys:log:page, sys:menu:delete, sys:menu:info, sys:menu:list, sys:menu:save, sys:menu:select, sys:menu:update, sys:role:delete, sys:role:info, sys:role:list, sys:role:page, sys:role:save, sys:role:update, sys:schedule:delete, sys:schedule:info, sys:schedule:log, sys:schedule:page, sys:schedule:pause, sys:schedule:resume, sys:schedule:run, sys:schedule:save, sys:schedule:update, sys:user:delete, sys:user:info, sys:user:page, sys:user:save, sys:user:update, user:addr:save
2019-10-17 10:20:59,523 DEBUG (MyAuthenticationSucessHandler.java:78)- 登录成功
2019-10-17 10:21:26,286 INFO (SpringApplication.java:654)- No active profile set, falling back to default profiles: default
2019-10-17 10:21:31,418 DEBUG (GenericFilterBean.java:213)- Initializing filter 'loginAuthenticationFilter'
2019-10-17 10:21:31,418 DEBUG (GenericFilterBean.java:244)- Filter 'loginAuthenticationFilter' configured successfully
2019-10-17 10:21:31,418 DEBUG (GenericFilterBean.java:213)- Initializing filter 'smsCodeFilter'
2019-10-17 10:21:31,419 DEBUG (GenericFilterBean.java:244)- Filter 'smsCodeFilter' configured successfully
2019-10-17 10:21:31,419 DEBUG (GenericFilterBean.java:213)- Initializing filter 'validateCodeFilter'
2019-10-17 10:21:31,419 DEBUG (GenericFilterBean.java:244)- Filter 'validateCodeFilter' configured successfully
2019-10-17 10:21:34,327 INFO (StartupInfoLogger.java:59)- Started SecurityserverApplication in 10.105 seconds (JVM running for 10.499)
2019-10-17 10:21:39,105 DEBUG (AbstractAuthenticationProcessingFilter.java:206)- Request is to process authentication
2019-10-17 10:21:39,193 ERROR (AbstractAuthenticationProcessingFilter.java:221)- An internal error occurred while trying to authenticate the user.
org.springframework.security.authentication.InternalAuthenticationServiceException: Invalid bound statement (not found): snod.com.cn.dao.SysUserDao.querySysUserInfo
	at org.springframework.security.authentication.dao.DaoAuthenticationProvider.retrieveUser(DaoAuthenticationProvider.java:119)
	at org.springframework.security.authentication.dao.AbstractUserDetailsAuthenticationProvider.authenticate(AbstractUserDetailsAuthenticationProvider.java:144)
	at org.springframework.security.authentication.ProviderManager.authenticate(ProviderManager.java:174)
	at org.springframework.security.authentication.ProviderManager.authenticate(ProviderManager.java:199)
	at org.springframework.security.config.annotation.web.configuration.WebSecurityConfigurerAdapter$AuthenticationManagerDelegator.authenticate(WebSecurityConfigurerAdapter.java:512)
	at org.springframework.security.web.authentication.UsernamePasswordAuthenticationFilter.attemptAuthentication(UsernamePasswordAuthenticationFilter.java:94)
	at org.springframework.security.web.authentication.AbstractAuthenticationProcessingFilter.doFilter(AbstractAuthenticationProcessingFilter.java:212)
	at org.apache.catalina.core.ApplicationFilterChain.internalDoFilter(ApplicationFilterChain.java:193)
	at org.apache.catalina.core.ApplicationFilterChain.doFilter(ApplicationFilterChain.java:166)
	at org.springframework.web.filter.OncePerRequestFilter.doFilter(OncePerRequestFilter.java:101)
	at org.apache.catalina.core.ApplicationFilterChain.internalDoFilter(ApplicationFilterChain.java:193)
	at org.apache.catalina.core.ApplicationFilterChain.doFilter(ApplicationFilterChain.java:166)
	at org.springframework.web.filter.OncePerRequestFilter.doFilter(OncePerRequestFilter.java:101)
	at org.apache.catalina.core.ApplicationFilterChain.internalDoFilter(ApplicationFilterChain.java:193)
	at org.apache.catalina.core.ApplicationFilterChain.doFilter(ApplicationFilterChain.java:166)
	at org.springframework.boot.actuate.web.trace.servlet.HttpTraceFilter.doFilterInternal(HttpTraceFilter.java:90)
	at org.springframework.web.filter.OncePerRequestFilter.doFilter(OncePerRequestFilter.java:107)
	at org.apache.catalina.core.ApplicationFilterChain.internalDoFilter(ApplicationFilterChain.java:193)
	at org.apache.catalina.core.ApplicationFilterChain.doFilter(ApplicationFilterChain.java:166)
	at org.springframework.security.web.FilterChainProxy$VirtualFilterChain.doFilter(FilterChainProxy.java:320)
	at org.springframework.security.web.access.intercept.FilterSecurityInterceptor.invoke(FilterSecurityInterceptor.java:127)
	at org.springframework.security.web.access.intercept.FilterSecurityInterceptor.doFilter(FilterSecurityInterceptor.java:91)
	at org.springframework.security.web.FilterChainProxy$VirtualFilterChain.doFilter(FilterChainProxy.java:334)
	at org.springframework.security.web.access.ExceptionTranslationFilter.doFilter(ExceptionTranslationFilter.java:119)
	at org.springframework.security.web.FilterChainProxy$VirtualFilterChain.doFilter(FilterChainProxy.java:334)
	at org.springframework.security.web.session.SessionManagementFilter.doFilter(SessionManagementFilter.java:137)
	at org.springframework.security.web.FilterChainProxy$VirtualFilterChain.doFilter(FilterChainProxy.java:334)
	at org.springframework.security.web.authentication.AnonymousAuthenticationFilter.doFilter(AnonymousAuthenticationFilter.java:111)
	at org.springframework.security.web.FilterChainProxy$VirtualFilterChain.doFilter(FilterChainProxy.java:334)
	at org.springframework.security.web.servletapi.SecurityContextHolderAwareRequestFilter.doFilter(SecurityContextHolderAwareRequestFilter.java:170)
	at org.springframework.security.web.FilterChainProxy$VirtualFilterChain.doFilter(FilterChainProxy.java:334)
	at org.springframework.security.web.savedrequest.RequestCacheAwareFilter.doFilter(RequestCacheAwareFilter.java:63)
	at org.springframework.security.web.FilterChainProxy$VirtualFilterChain.doFilter(FilterChainProxy.java:334)
	at org.springframework.security.web.authentication.AbstractAuthenticationProcessingFilter.doFilter(AbstractAuthenticationProcessingFilter.java:200)
	at org.springframework.security.web.FilterChainProxy$VirtualFilterChain.doFilter(FilterChainProxy.java:334)
	at snod.com.cn.security.smscode.SmsCodeFilter.doFilterInternal(SmsCodeFilter.java:43)
	at org.springframework.web.filter.OncePerRequestFilter.doFilter(OncePerRequestFilter.java:107)
	at org.springframework.security.web.FilterChainProxy$VirtualFilterChain.doFilter(FilterChainProxy.java:334)
	at snod.com.cn.security.code.ValidateCodeFilter.doFilterInternal(ValidateCodeFilter.java:54)
	at org.springframework.web.filter.OncePerRequestFilter.doFilter(OncePerRequestFilter.java:107)
	at org.springframework.security.web.FilterChainProxy$VirtualFilterChain.doFilter(FilterChainProxy.java:334)
	at org.springframework.security.oauth2.provider.authentication.OAuth2AuthenticationProcessingFilter.doFilter(OAuth2AuthenticationProcessingFilter.java:176)
	at org.springframework.security.web.FilterChainProxy$VirtualFilterChain.doFilter(FilterChainProxy.java:334)
	at org.springframework.security.web.authentication.logout.LogoutFilter.doFilter(LogoutFilter.java:116)
	at org.springframework.security.web.FilterChainProxy$VirtualFilterChain.doFilter(FilterChainProxy.java:334)
	at org.springframework.security.web.header.HeaderWriterFilter.doFilterInternal(HeaderWriterFilter.java:66)
	at org.springframework.web.filter.OncePerRequestFilter.doFilter(OncePerRequestFilter.java:107)
	at org.springframework.security.web.FilterChainProxy$VirtualFilterChain.doFilter(FilterChainProxy.java:334)
	at org.springframework.security.web.context.SecurityContextPersistenceFilter.doFilter(SecurityContextPersistenceFilter.java:105)
	at org.springframework.security.web.FilterChainProxy$VirtualFilterChain.doFilter(FilterChainProxy.java:334)
	at org.springframework.security.web.context.request.async.WebAsyncManagerIntegrationFilter.doFilterInternal(WebAsyncManagerIntegrationFilter.java:56)
	at org.springframework.web.filter.OncePerRequestFilter.doFilter(OncePerRequestFilter.java:107)
	at org.springframework.security.web.FilterChainProxy$VirtualFilterChain.doFilter(FilterChainProxy.java:334)
	at org.springframework.security.web.FilterChainProxy.doFilterInternal(FilterChainProxy.java:215)
	at org.springframework.security.web.FilterChainProxy.doFilter(FilterChainProxy.java:178)
	at org.springframework.web.filter.DelegatingFilterProxy.invokeDelegate(DelegatingFilterProxy.java:357)
	at org.springframework.web.filter.DelegatingFilterProxy.doFilter(DelegatingFilterProxy.java:270)
	at org.apache.catalina.core.ApplicationFilterChain.internalDoFilter(ApplicationFilterChain.java:193)
	at org.apache.catalina.core.ApplicationFilterChain.doFilter(ApplicationFilterChain.java:166)
	at org.springframework.web.filter.RequestContextFilter.doFilterInternal(RequestContextFilter.java:99)
	at org.springframework.web.filter.OncePerRequestFilter.doFilter(OncePerRequestFilter.java:107)
	at org.apache.catalina.core.ApplicationFilterChain.internalDoFilter(ApplicationFilterChain.java:193)
	at org.apache.catalina.core.ApplicationFilterChain.doFilter(ApplicationFilterChain.java:166)
	at org.springframework.web.filter.HttpPutFormContentFilter.doFilterInternal(HttpPutFormContentFilter.java:109)
	at org.springframework.web.filter.OncePerRequestFilter.doFilter(OncePerRequestFilter.java:107)
	at org.apache.catalina.core.ApplicationFilterChain.internalDoFilter(ApplicationFilterChain.java:193)
	at org.apache.catalina.core.ApplicationFilterChain.doFilter(ApplicationFilterChain.java:166)
	at org.springframework.web.filter.HiddenHttpMethodFilter.doFilterInternal(HiddenHttpMethodFilter.java:93)
	at org.springframework.web.filter.OncePerRequestFilter.doFilter(OncePerRequestFilter.java:107)
	at org.apache.catalina.core.ApplicationFilterChain.internalDoFilter(ApplicationFilterChain.java:193)
	at org.apache.catalina.core.ApplicationFilterChain.doFilter(ApplicationFilterChain.java:166)
	at org.springframework.session.web.http.SessionRepositoryFilter.doFilterInternal(SessionRepositoryFilter.java:147)
	at org.springframework.session.web.http.OncePerRequestFilter.doFilter(OncePerRequestFilter.java:81)
	at org.apache.catalina.core.ApplicationFilterChain.internalDoFilter(ApplicationFilterChain.java:193)
	at org.apache.catalina.core.ApplicationFilterChain.doFilter(ApplicationFilterChain.java:166)
	at org.springframework.boot.actuate.metrics.web.servlet.WebMvcMetricsFilter.filterAndRecordMetrics(WebMvcMetricsFilter.java:155)
	at org.springframework.boot.actuate.metrics.web.servlet.WebMvcMetricsFilter.filterAndRecordMetrics(WebMvcMetricsFilter.java:123)
	at org.springframework.boot.actuate.metrics.web.servlet.WebMvcMetricsFilter.doFilterInternal(WebMvcMetricsFilter.java:108)
	at org.springframework.web.filter.OncePerRequestFilter.doFilter(OncePerRequestFilter.java:107)
	at org.apache.catalina.core.ApplicationFilterChain.internalDoFilter(ApplicationFilterChain.java:193)
	at org.apache.catalina.core.ApplicationFilterChain.doFilter(ApplicationFilterChain.java:166)
	at org.springframework.web.filter.CharacterEncodingFilter.doFilterInternal(CharacterEncodingFilter.java:200)
	at org.springframework.web.filter.OncePerRequestFilter.doFilter(OncePerRequestFilter.java:107)
	at org.apache.catalina.core.ApplicationFilterChain.internalDoFilter(ApplicationFilterChain.java:193)
	at org.apache.catalina.core.ApplicationFilterChain.doFilter(ApplicationFilterChain.java:166)
	at org.apache.catalina.core.StandardWrapperValve.invoke(StandardWrapperValve.java:198)
	at org.apache.catalina.core.StandardContextValve.invoke(StandardContextValve.java:96)
	at org.apache.catalina.authenticator.AuthenticatorBase.invoke(AuthenticatorBase.java:493)
	at org.apache.catalina.core.StandardHostValve.invoke(StandardHostValve.java:140)
	at org.apache.catalina.valves.ErrorReportValve.invoke(ErrorReportValve.java:81)
	at org.apache.catalina.core.StandardEngineValve.invoke(StandardEngineValve.java:87)
	at org.apache.catalina.connector.CoyoteAdapter.service(CoyoteAdapter.java:342)
	at org.apache.coyote.http11.Http11Processor.service(Http11Processor.java:800)
	at org.apache.coyote.AbstractProcessorLight.process(AbstractProcessorLight.java:66)
	at org.apache.coyote.AbstractProtocol$ConnectionHandler.process(AbstractProtocol.java:806)
	at org.apache.tomcat.util.net.NioEndpoint$SocketProcessor.doRun(NioEndpoint.java:1498)
	at org.apache.tomcat.util.net.SocketProcessorBase.run(SocketProcessorBase.java:49)
	at java.util.concurrent.ThreadPoolExecutor.runWorker(Unknown Source)
	at java.util.concurrent.ThreadPoolExecutor$Worker.run(Unknown Source)
	at org.apache.tomcat.util.threads.TaskThread$WrappingRunnable.run(TaskThread.java:61)
	at java.lang.Thread.run(Unknown Source)
Caused by: org.apache.ibatis.binding.BindingException: Invalid bound statement (not found): snod.com.cn.dao.SysUserDao.querySysUserInfo
	at com.baomidou.mybatisplus.core.override.MybatisMapperMethod$SqlCommand.<init>(MybatisMapperMethod.java:242)
	at com.baomidou.mybatisplus.core.override.MybatisMapperMethod.<init>(MybatisMapperMethod.java:54)
	at com.baomidou.mybatisplus.core.override.MybatisMapperProxy.lambda$cachedMapperMethod$0(MybatisMapperProxy.java:65)
	at com.baomidou.mybatisplus.core.override.MybatisMapperProxy$$Lambda$826/803322457.apply(Unknown Source)
	at java.util.concurrent.ConcurrentHashMap.computeIfAbsent(Unknown Source)
	at com.baomidou.mybatisplus.core.override.MybatisMapperProxy.cachedMapperMethod(MybatisMapperProxy.java:65)
	at com.baomidou.mybatisplus.core.override.MybatisMapperProxy.invoke(MybatisMapperProxy.java:60)
	at com.sun.proxy.$Proxy145.querySysUserInfo(Unknown Source)
	at snod.com.cn.service.SysUserService.querySysUserInfo(SysUserService.java:31)
	at snod.com.cn.service.SysUserService$$FastClassBySpringCGLIB$$3e0d768e.invoke(<generated>)
	at org.springframework.cglib.proxy.MethodProxy.invoke(MethodProxy.java:204)
	at org.springframework.aop.framework.CglibAopProxy$DynamicAdvisedInterceptor.intercept(CglibAopProxy.java:684)
	at snod.com.cn.service.SysUserService$$EnhancerBySpringCGLIB$$389405ab.querySysUserInfo(<generated>)
	at snod.com.cn.service.UserDetailService.loadUserByUsername(UserDetailService.java:37)
	at org.springframework.security.authentication.dao.DaoAuthenticationProvider.retrieveUser(DaoAuthenticationProvider.java:104)
	... 100 common frames omitted
2019-10-17 10:21:39,194 DEBUG (AbstractAuthenticationProcessingFilter.java:345)- Authentication request failed: org.springframework.security.authentication.InternalAuthenticationServiceException: Invalid bound statement (not found): snod.com.cn.dao.SysUserDao.querySysUserInfo
org.springframework.security.authentication.InternalAuthenticationServiceException: Invalid bound statement (not found): snod.com.cn.dao.SysUserDao.querySysUserInfo
	at org.springframework.security.authentication.dao.DaoAuthenticationProvider.retrieveUser(DaoAuthenticationProvider.java:119)
	at org.springframework.security.authentication.dao.AbstractUserDetailsAuthenticationProvider.authenticate(AbstractUserDetailsAuthenticationProvider.java:144)
	at org.springframework.security.authentication.ProviderManager.authenticate(ProviderManager.java:174)
	at org.springframework.security.authentication.ProviderManager.authenticate(ProviderManager.java:199)
	at org.springframework.security.config.annotation.web.configuration.WebSecurityConfigurerAdapter$AuthenticationManagerDelegator.authenticate(WebSecurityConfigurerAdapter.java:512)
	at org.springframework.security.web.authentication.UsernamePasswordAuthenticationFilter.attemptAuthentication(UsernamePasswordAuthenticationFilter.java:94)
	at org.springframework.security.web.authentication.AbstractAuthenticationProcessingFilter.doFilter(AbstractAuthenticationProcessingFilter.java:212)
	at org.apache.catalina.core.ApplicationFilterChain.internalDoFilter(ApplicationFilterChain.java:193)
	at org.apache.catalina.core.ApplicationFilterChain.doFilter(ApplicationFilterChain.java:166)
	at org.springframework.web.filter.OncePerRequestFilter.doFilter(OncePerRequestFilter.java:101)
	at org.apache.catalina.core.ApplicationFilterChain.internalDoFilter(ApplicationFilterChain.java:193)
	at org.apache.catalina.core.ApplicationFilterChain.doFilter(ApplicationFilterChain.java:166)
	at org.springframework.web.filter.OncePerRequestFilter.doFilter(OncePerRequestFilter.java:101)
	at org.apache.catalina.core.ApplicationFilterChain.internalDoFilter(ApplicationFilterChain.java:193)
	at org.apache.catalina.core.ApplicationFilterChain.doFilter(ApplicationFilterChain.java:166)
	at org.springframework.boot.actuate.web.trace.servlet.HttpTraceFilter.doFilterInternal(HttpTraceFilter.java:90)
	at org.springframework.web.filter.OncePerRequestFilter.doFilter(OncePerRequestFilter.java:107)
	at org.apache.catalina.core.ApplicationFilterChain.internalDoFilter(ApplicationFilterChain.java:193)
	at org.apache.catalina.core.ApplicationFilterChain.doFilter(ApplicationFilterChain.java:166)
	at org.springframework.security.web.FilterChainProxy$VirtualFilterChain.doFilter(FilterChainProxy.java:320)
	at org.springframework.security.web.access.intercept.FilterSecurityInterceptor.invoke(FilterSecurityInterceptor.java:127)
	at org.springframework.security.web.access.intercept.FilterSecurityInterceptor.doFilter(FilterSecurityInterceptor.java:91)
	at org.springframework.security.web.FilterChainProxy$VirtualFilterChain.doFilter(FilterChainProxy.java:334)
	at org.springframework.security.web.access.ExceptionTranslationFilter.doFilter(ExceptionTranslationFilter.java:119)
	at org.springframework.security.web.FilterChainProxy$VirtualFilterChain.doFilter(FilterChainProxy.java:334)
	at org.springframework.security.web.session.SessionManagementFilter.doFilter(SessionManagementFilter.java:137)
	at org.springframework.security.web.FilterChainProxy$VirtualFilterChain.doFilter(FilterChainProxy.java:334)
	at org.springframework.security.web.authentication.AnonymousAuthenticationFilter.doFilter(AnonymousAuthenticationFilter.java:111)
	at org.springframework.security.web.FilterChainProxy$VirtualFilterChain.doFilter(FilterChainProxy.java:334)
	at org.springframework.security.web.servletapi.SecurityContextHolderAwareRequestFilter.doFilter(SecurityContextHolderAwareRequestFilter.java:170)
	at org.springframework.security.web.FilterChainProxy$VirtualFilterChain.doFilter(FilterChainProxy.java:334)
	at org.springframework.security.web.savedrequest.RequestCacheAwareFilter.doFilter(RequestCacheAwareFilter.java:63)
	at org.springframework.security.web.FilterChainProxy$VirtualFilterChain.doFilter(FilterChainProxy.java:334)
	at org.springframework.security.web.authentication.AbstractAuthenticationProcessingFilter.doFilter(AbstractAuthenticationProcessingFilter.java:200)
	at org.springframework.security.web.FilterChainProxy$VirtualFilterChain.doFilter(FilterChainProxy.java:334)
	at snod.com.cn.security.smscode.SmsCodeFilter.doFilterInternal(SmsCodeFilter.java:43)
	at org.springframework.web.filter.OncePerRequestFilter.doFilter(OncePerRequestFilter.java:107)
	at org.springframework.security.web.FilterChainProxy$VirtualFilterChain.doFilter(FilterChainProxy.java:334)
	at snod.com.cn.security.code.ValidateCodeFilter.doFilterInternal(ValidateCodeFilter.java:54)
	at org.springframework.web.filter.OncePerRequestFilter.doFilter(OncePerRequestFilter.java:107)
	at org.springframework.security.web.FilterChainProxy$VirtualFilterChain.doFilter(FilterChainProxy.java:334)
	at org.springframework.security.oauth2.provider.authentication.OAuth2AuthenticationProcessingFilter.doFilter(OAuth2AuthenticationProcessingFilter.java:176)
	at org.springframework.security.web.FilterChainProxy$VirtualFilterChain.doFilter(FilterChainProxy.java:334)
	at org.springframework.security.web.authentication.logout.LogoutFilter.doFilter(LogoutFilter.java:116)
	at org.springframework.security.web.FilterChainProxy$VirtualFilterChain.doFilter(FilterChainProxy.java:334)
	at org.springframework.security.web.header.HeaderWriterFilter.doFilterInternal(HeaderWriterFilter.java:66)
	at org.springframework.web.filter.OncePerRequestFilter.doFilter(OncePerRequestFilter.java:107)
	at org.springframework.security.web.FilterChainProxy$VirtualFilterChain.doFilter(FilterChainProxy.java:334)
	at org.springframework.security.web.context.SecurityContextPersistenceFilter.doFilter(SecurityContextPersistenceFilter.java:105)
	at org.springframework.security.web.FilterChainProxy$VirtualFilterChain.doFilter(FilterChainProxy.java:334)
	at org.springframework.security.web.context.request.async.WebAsyncManagerIntegrationFilter.doFilterInternal(WebAsyncManagerIntegrationFilter.java:56)
	at org.springframework.web.filter.OncePerRequestFilter.doFilter(OncePerRequestFilter.java:107)
	at org.springframework.security.web.FilterChainProxy$VirtualFilterChain.doFilter(FilterChainProxy.java:334)
	at org.springframework.security.web.FilterChainProxy.doFilterInternal(FilterChainProxy.java:215)
	at org.springframework.security.web.FilterChainProxy.doFilter(FilterChainProxy.java:178)
	at org.springframework.web.filter.DelegatingFilterProxy.invokeDelegate(DelegatingFilterProxy.java:357)
	at org.springframework.web.filter.DelegatingFilterProxy.doFilter(DelegatingFilterProxy.java:270)
	at org.apache.catalina.core.ApplicationFilterChain.internalDoFilter(ApplicationFilterChain.java:193)
	at org.apache.catalina.core.ApplicationFilterChain.doFilter(ApplicationFilterChain.java:166)
	at org.springframework.web.filter.RequestContextFilter.doFilterInternal(RequestContextFilter.java:99)
	at org.springframework.web.filter.OncePerRequestFilter.doFilter(OncePerRequestFilter.java:107)
	at org.apache.catalina.core.ApplicationFilterChain.internalDoFilter(ApplicationFilterChain.java:193)
	at org.apache.catalina.core.ApplicationFilterChain.doFilter(ApplicationFilterChain.java:166)
	at org.springframework.web.filter.HttpPutFormContentFilter.doFilterInternal(HttpPutFormContentFilter.java:109)
	at org.springframework.web.filter.OncePerRequestFilter.doFilter(OncePerRequestFilter.java:107)
	at org.apache.catalina.core.ApplicationFilterChain.internalDoFilter(ApplicationFilterChain.java:193)
	at org.apache.catalina.core.ApplicationFilterChain.doFilter(ApplicationFilterChain.java:166)
	at org.springframework.web.filter.HiddenHttpMethodFilter.doFilterInternal(HiddenHttpMethodFilter.java:93)
	at org.springframework.web.filter.OncePerRequestFilter.doFilter(OncePerRequestFilter.java:107)
	at org.apache.catalina.core.ApplicationFilterChain.internalDoFilter(ApplicationFilterChain.java:193)
	at org.apache.catalina.core.ApplicationFilterChain.doFilter(ApplicationFilterChain.java:166)
	at org.springframework.session.web.http.SessionRepositoryFilter.doFilterInternal(SessionRepositoryFilter.java:147)
	at org.springframework.session.web.http.OncePerRequestFilter.doFilter(OncePerRequestFilter.java:81)
	at org.apache.catalina.core.ApplicationFilterChain.internalDoFilter(ApplicationFilterChain.java:193)
	at org.apache.catalina.core.ApplicationFilterChain.doFilter(ApplicationFilterChain.java:166)
	at org.springframework.boot.actuate.metrics.web.servlet.WebMvcMetricsFilter.filterAndRecordMetrics(WebMvcMetricsFilter.java:155)
	at org.springframework.boot.actuate.metrics.web.servlet.WebMvcMetricsFilter.filterAndRecordMetrics(WebMvcMetricsFilter.java:123)
	at org.springframework.boot.actuate.metrics.web.servlet.WebMvcMetricsFilter.doFilterInternal(WebMvcMetricsFilter.java:108)
	at org.springframework.web.filter.OncePerRequestFilter.doFilter(OncePerRequestFilter.java:107)
	at org.apache.catalina.core.ApplicationFilterChain.internalDoFilter(ApplicationFilterChain.java:193)
	at org.apache.catalina.core.ApplicationFilterChain.doFilter(ApplicationFilterChain.java:166)
	at org.springframework.web.filter.CharacterEncodingFilter.doFilterInternal(CharacterEncodingFilter.java:200)
	at org.springframework.web.filter.OncePerRequestFilter.doFilter(OncePerRequestFilter.java:107)
	at org.apache.catalina.core.ApplicationFilterChain.internalDoFilter(ApplicationFilterChain.java:193)
	at org.apache.catalina.core.ApplicationFilterChain.doFilter(ApplicationFilterChain.java:166)
	at org.apache.catalina.core.StandardWrapperValve.invoke(StandardWrapperValve.java:198)
	at org.apache.catalina.core.StandardContextValve.invoke(StandardContextValve.java:96)
	at org.apache.catalina.authenticator.AuthenticatorBase.invoke(AuthenticatorBase.java:493)
	at org.apache.catalina.core.StandardHostValve.invoke(StandardHostValve.java:140)
	at org.apache.catalina.valves.ErrorReportValve.invoke(ErrorReportValve.java:81)
	at org.apache.catalina.core.StandardEngineValve.invoke(StandardEngineValve.java:87)
	at org.apache.catalina.connector.CoyoteAdapter.service(CoyoteAdapter.java:342)
	at org.apache.coyote.http11.Http11Processor.service(Http11Processor.java:800)
	at org.apache.coyote.AbstractProcessorLight.process(AbstractProcessorLight.java:66)
	at org.apache.coyote.AbstractProtocol$ConnectionHandler.process(AbstractProtocol.java:806)
	at org.apache.tomcat.util.net.NioEndpoint$SocketProcessor.doRun(NioEndpoint.java:1498)
	at org.apache.tomcat.util.net.SocketProcessorBase.run(SocketProcessorBase.java:49)
	at java.util.concurrent.ThreadPoolExecutor.runWorker(Unknown Source)
	at java.util.concurrent.ThreadPoolExecutor$Worker.run(Unknown Source)
	at org.apache.tomcat.util.threads.TaskThread$WrappingRunnable.run(TaskThread.java:61)
	at java.lang.Thread.run(Unknown Source)
Caused by: org.apache.ibatis.binding.BindingException: Invalid bound statement (not found): snod.com.cn.dao.SysUserDao.querySysUserInfo
	at com.baomidou.mybatisplus.core.override.MybatisMapperMethod$SqlCommand.<init>(MybatisMapperMethod.java:242)
	at com.baomidou.mybatisplus.core.override.MybatisMapperMethod.<init>(MybatisMapperMethod.java:54)
	at com.baomidou.mybatisplus.core.override.MybatisMapperProxy.lambda$cachedMapperMethod$0(MybatisMapperProxy.java:65)
	at com.baomidou.mybatisplus.core.override.MybatisMapperProxy$$Lambda$826/803322457.apply(Unknown Source)
	at java.util.concurrent.ConcurrentHashMap.computeIfAbsent(Unknown Source)
	at com.baomidou.mybatisplus.core.override.MybatisMapperProxy.cachedMapperMethod(MybatisMapperProxy.java:65)
	at com.baomidou.mybatisplus.core.override.MybatisMapperProxy.invoke(MybatisMapperProxy.java:60)
	at com.sun.proxy.$Proxy145.querySysUserInfo(Unknown Source)
	at snod.com.cn.service.SysUserService.querySysUserInfo(SysUserService.java:31)
	at snod.com.cn.service.SysUserService$$FastClassBySpringCGLIB$$3e0d768e.invoke(<generated>)
	at org.springframework.cglib.proxy.MethodProxy.invoke(MethodProxy.java:204)
	at org.springframework.aop.framework.CglibAopProxy$DynamicAdvisedInterceptor.intercept(CglibAopProxy.java:684)
	at snod.com.cn.service.SysUserService$$EnhancerBySpringCGLIB$$389405ab.querySysUserInfo(<generated>)
	at snod.com.cn.service.UserDetailService.loadUserByUsername(UserDetailService.java:37)
	at org.springframework.security.authentication.dao.DaoAuthenticationProvider.retrieveUser(DaoAuthenticationProvider.java:104)
	... 100 common frames omitted
2019-10-17 10:21:39,195 DEBUG (AbstractAuthenticationProcessingFilter.java:346)- Updated SecurityContextHolder to contain null Authentication
2019-10-17 10:21:39,196 DEBUG (AbstractAuthenticationProcessingFilter.java:347)- Delegating to authentication failure handler snod.com.cn.security.handler.MyAuthenticationFailureHandler@62a54a65
2019-10-17 10:22:31,456 INFO (SpringApplication.java:654)- No active profile set, falling back to default profiles: default
2019-10-17 10:22:36,375 DEBUG (GenericFilterBean.java:213)- Initializing filter 'loginAuthenticationFilter'
2019-10-17 10:22:36,376 DEBUG (GenericFilterBean.java:244)- Filter 'loginAuthenticationFilter' configured successfully
2019-10-17 10:22:36,376 DEBUG (GenericFilterBean.java:213)- Initializing filter 'smsCodeFilter'
2019-10-17 10:22:36,376 DEBUG (GenericFilterBean.java:244)- Filter 'smsCodeFilter' configured successfully
2019-10-17 10:22:36,377 DEBUG (GenericFilterBean.java:213)- Initializing filter 'validateCodeFilter'
2019-10-17 10:22:36,377 DEBUG (GenericFilterBean.java:244)- Filter 'validateCodeFilter' configured successfully
2019-10-17 10:22:39,386 INFO (StartupInfoLogger.java:59)- Started SecurityserverApplication in 9.9 seconds (JVM running for 10.277)
2019-10-17 10:22:43,005 DEBUG (AbstractAuthenticationProcessingFilter.java:206)- Request is to process authentication
2019-10-17 10:22:43,107 DEBUG (BaseJdbcLogger.java:159)- ==>  Preparing: select * from tz_sys_user where username = ? 
2019-10-17 10:22:43,129 DEBUG (BaseJdbcLogger.java:159)- ==> Parameters: admin(String)
2019-10-17 10:22:43,142 DEBUG (BaseJdbcLogger.java:159)- <==      Total: 1
2019-10-17 10:22:43,212 DEBUG (BaseJdbcLogger.java:159)- ==>  Preparing: select * from tz_sys_menu order by order_num 
2019-10-17 10:22:43,212 DEBUG (BaseJdbcLogger.java:159)- ==> Parameters: 
2019-10-17 10:22:43,227 DEBUG (BaseJdbcLogger.java:159)- <==      Total: 104
2019-10-17 10:22:43,303 DEBUG (AbstractAuthenticationProcessingFilter.java:312)- Authentication success. Updating SecurityContextHolder to contain: org.springframework.security.authentication.UsernamePasswordAuthenticationToken@8ca9fbdd: Principal: snod.com.cn.entity.SecurityUser@586034f: Username: admin; Password: [PROTECTED]; Enabled: true; AccountNonExpired: true; credentialsNonExpired: true; AccountNonLocked: true; Granted Authorities: admin:area:delete,admin:area:info,admin:area:list,admin:area:page,admin:area:save,admin:area:update,admin:hotSearch:delete,admin:hotSearch:page,admin:hotSearch:save,admin:hotSearch:update,admin:indexImg:delete,admin:indexImg:info,admin:indexImg:page,admin:indexImg:save,admin:indexImg:update,admin:user:delete,admin:user:info,admin:user:page,admin:user:save,admin:user:update,order:order:delete,order:order:delivery,order:order:info,order:order:page,order:order:pay,order:order:save,order:order:soldExcel,order:order:update,order:order:waitingConsignmentExcel,prod:category:delete,prod:category:info,prod:category:page,prod:category:save,prod:category:update,prod:prod:delete,prod:prod:info,prod:prod:page,prod:prod:save,prod:prod:update,prod:prodComm:delete,prod:prodComm:info,prod:prodComm:page,prod:prodComm:save,prod:prodComm:update,prod:prodTag,prod:prodTag:delete,prod:prodTag:info,prod:prodTag:page,prod:prodTag:save,prod:prodTag:update,prod:spec:delete,prod:spec:info,prod:spec:page,prod:spec:save,prod:spec:update,shop:notice:delete,shop:notice:info,shop:notice:page,shop:notice:save,shop:notice:update,shop:pickAddr:delete,shop:pickAddr:info,shop:pickAddr:page,shop:pickAddr:save,shop:pickAddr:update,shop:shopDetail:info,shop:transcity:info,shop:transfee:delete,shop:transfee:info,shop:transfee:save,shop:transfee:update,shop:transport:delete,shop:transport:info,shop:transport:page,shop:transport:save,shop:transport:update,sys:config:delete,sys:config:info,sys:config:page,sys:config:save,sys:config:update,sys:log:page,sys:menu:delete,sys:menu:info,sys:menu:list,sys:menu:save,sys:menu:select,sys:menu:update,sys:role:delete,sys:role:info,sys:role:list,sys:role:page,sys:role:save,sys:role:update,sys:schedule:delete,sys:schedule:info,sys:schedule:log,sys:schedule:page,sys:schedule:pause,sys:schedule:resume,sys:schedule:run,sys:schedule:save,sys:schedule:update,sys:user:delete,sys:user:info,sys:user:page,sys:user:save,sys:user:update,user:addr:save; Credentials: [PROTECTED]; Authenticated: true; Details: org.springframework.security.web.authentication.WebAuthenticationDetails@fffdaa08: RemoteIpAddress: 192.168.107.145; SessionId: 1c784b1b-eb3e-4acd-8f5a-366d963dfa17; Granted Authorities: admin:area:delete, admin:area:info, admin:area:list, admin:area:page, admin:area:save, admin:area:update, admin:hotSearch:delete, admin:hotSearch:page, admin:hotSearch:save, admin:hotSearch:update, admin:indexImg:delete, admin:indexImg:info, admin:indexImg:page, admin:indexImg:save, admin:indexImg:update, admin:user:delete, admin:user:info, admin:user:page, admin:user:save, admin:user:update, order:order:delete, order:order:delivery, order:order:info, order:order:page, order:order:pay, order:order:save, order:order:soldExcel, order:order:update, order:order:waitingConsignmentExcel, prod:category:delete, prod:category:info, prod:category:page, prod:category:save, prod:category:update, prod:prod:delete, prod:prod:info, prod:prod:page, prod:prod:save, prod:prod:update, prod:prodComm:delete, prod:prodComm:info, prod:prodComm:page, prod:prodComm:save, prod:prodComm:update, prod:prodTag, prod:prodTag:delete, prod:prodTag:info, prod:prodTag:page, prod:prodTag:save, prod:prodTag:update, prod:spec:delete, prod:spec:info, prod:spec:page, prod:spec:save, prod:spec:update, shop:notice:delete, shop:notice:info, shop:notice:page, shop:notice:save, shop:notice:update, shop:pickAddr:delete, shop:pickAddr:info, shop:pickAddr:page, shop:pickAddr:save, shop:pickAddr:update, shop:shopDetail:info, shop:transcity:info, shop:transfee:delete, shop:transfee:info, shop:transfee:save, shop:transfee:update, shop:transport:delete, shop:transport:info, shop:transport:page, shop:transport:save, shop:transport:update, sys:config:delete, sys:config:info, sys:config:page, sys:config:save, sys:config:update, sys:log:page, sys:menu:delete, sys:menu:info, sys:menu:list, sys:menu:save, sys:menu:select, sys:menu:update, sys:role:delete, sys:role:info, sys:role:list, sys:role:page, sys:role:save, sys:role:update, sys:schedule:delete, sys:schedule:info, sys:schedule:log, sys:schedule:page, sys:schedule:pause, sys:schedule:resume, sys:schedule:run, sys:schedule:save, sys:schedule:update, sys:user:delete, sys:user:info, sys:user:page, sys:user:save, sys:user:update, user:addr:save
2019-10-17 10:22:43,365 DEBUG (MyAuthenticationSucessHandler.java:78)- 登录成功
2019-10-17 10:28:16,542 INFO (SpringApplication.java:654)- No active profile set, falling back to default profiles: default
2019-10-17 10:28:21,547 DEBUG (GenericFilterBean.java:213)- Initializing filter 'loginAuthenticationFilter'
2019-10-17 10:28:21,547 DEBUG (GenericFilterBean.java:244)- Filter 'loginAuthenticationFilter' configured successfully
2019-10-17 10:28:21,547 DEBUG (GenericFilterBean.java:213)- Initializing filter 'smsCodeFilter'
2019-10-17 10:28:21,547 DEBUG (GenericFilterBean.java:244)- Filter 'smsCodeFilter' configured successfully
2019-10-17 10:28:21,548 DEBUG (GenericFilterBean.java:213)- Initializing filter 'validateCodeFilter'
2019-10-17 10:28:21,548 DEBUG (GenericFilterBean.java:244)- Filter 'validateCodeFilter' configured successfully
2019-10-17 10:28:24,491 INFO (StartupInfoLogger.java:59)- Started SecurityserverApplication in 9.87 seconds (JVM running for 10.249)
2019-10-17 10:42:14,973 INFO (SpringApplication.java:654)- No active profile set, falling back to default profiles: default
2019-10-17 10:42:19,941 DEBUG (GenericFilterBean.java:213)- Initializing filter 'loginAuthenticationFilter'
2019-10-17 10:42:19,941 DEBUG (GenericFilterBean.java:244)- Filter 'loginAuthenticationFilter' configured successfully
2019-10-17 10:42:19,941 DEBUG (GenericFilterBean.java:213)- Initializing filter 'smsCodeFilter'
2019-10-17 10:42:19,941 DEBUG (GenericFilterBean.java:244)- Filter 'smsCodeFilter' configured successfully
2019-10-17 10:42:19,942 DEBUG (GenericFilterBean.java:213)- Initializing filter 'validateCodeFilter'
2019-10-17 10:42:19,942 DEBUG (GenericFilterBean.java:244)- Filter 'validateCodeFilter' configured successfully
2019-10-17 10:42:22,995 INFO (StartupInfoLogger.java:59)- Started SecurityserverApplication in 9.985 seconds (JVM running for 10.362)
2019-10-17 10:44:11,242 INFO (SpringApplication.java:654)- No active profile set, falling back to default profiles: default
2019-10-17 10:44:16,292 DEBUG (GenericFilterBean.java:213)- Initializing filter 'loginAuthenticationFilter'
2019-10-17 10:44:16,293 DEBUG (GenericFilterBean.java:244)- Filter 'loginAuthenticationFilter' configured successfully
2019-10-17 10:44:16,293 DEBUG (GenericFilterBean.java:213)- Initializing filter 'smsCodeFilter'
2019-10-17 10:44:16,293 DEBUG (GenericFilterBean.java:244)- Filter 'smsCodeFilter' configured successfully
2019-10-17 10:44:16,293 DEBUG (GenericFilterBean.java:213)- Initializing filter 'validateCodeFilter'
2019-10-17 10:44:16,293 DEBUG (GenericFilterBean.java:244)- Filter 'validateCodeFilter' configured successfully
2019-10-17 10:44:19,414 INFO (StartupInfoLogger.java:59)- Started SecurityserverApplication in 10.114 seconds (JVM running for 10.503)
2019-10-17 10:44:41,819 INFO (SpringApplication.java:654)- No active profile set, falling back to default profiles: default
2019-10-17 10:44:46,809 DEBUG (GenericFilterBean.java:213)- Initializing filter 'loginAuthenticationFilter'
2019-10-17 10:44:46,809 DEBUG (GenericFilterBean.java:244)- Filter 'loginAuthenticationFilter' configured successfully
2019-10-17 10:44:46,809 DEBUG (GenericFilterBean.java:213)- Initializing filter 'smsCodeFilter'
2019-10-17 10:44:46,810 DEBUG (GenericFilterBean.java:244)- Filter 'smsCodeFilter' configured successfully
2019-10-17 10:44:46,810 DEBUG (GenericFilterBean.java:213)- Initializing filter 'validateCodeFilter'
2019-10-17 10:44:46,810 DEBUG (GenericFilterBean.java:244)- Filter 'validateCodeFilter' configured successfully
2019-10-17 10:44:49,964 INFO (StartupInfoLogger.java:59)- Started SecurityserverApplication in 10.092 seconds (JVM running for 10.475)
2019-10-17 10:46:08,540 INFO (SpringApplication.java:654)- No active profile set, falling back to default profiles: default
2019-10-17 10:46:13,562 DEBUG (GenericFilterBean.java:213)- Initializing filter 'loginAuthenticationFilter'
2019-10-17 10:46:13,562 DEBUG (GenericFilterBean.java:244)- Filter 'loginAuthenticationFilter' configured successfully
2019-10-17 10:46:13,562 DEBUG (GenericFilterBean.java:213)- Initializing filter 'smsCodeFilter'
2019-10-17 10:46:13,563 DEBUG (GenericFilterBean.java:244)- Filter 'smsCodeFilter' configured successfully
2019-10-17 10:46:13,563 DEBUG (GenericFilterBean.java:213)- Initializing filter 'validateCodeFilter'
2019-10-17 10:46:13,563 DEBUG (GenericFilterBean.java:244)- Filter 'validateCodeFilter' configured successfully
2019-10-17 10:46:16,533 INFO (StartupInfoLogger.java:59)- Started SecurityserverApplication in 9.978 seconds (JVM running for 10.354)
2019-10-17 10:52:09,970 INFO (SpringApplication.java:654)- No active profile set, falling back to default profiles: default
2019-10-17 10:53:18,360 INFO (SpringApplication.java:654)- No active profile set, falling back to default profiles: default
2019-10-17 10:54:33,942 INFO (SpringApplication.java:654)- No active profile set, falling back to default profiles: default
2019-10-17 10:55:25,826 INFO (SpringApplication.java:654)- No active profile set, falling back to default profiles: default
2019-10-17 10:56:53,025 INFO (SpringApplication.java:654)- No active profile set, falling back to default profiles: default
2019-10-17 10:57:33,903 INFO (SpringApplication.java:654)- No active profile set, falling back to default profiles: default
2019-10-17 10:57:38,782 DEBUG (GenericFilterBean.java:213)- Initializing filter 'loginAuthenticationFilter'
2019-10-17 10:57:38,783 DEBUG (GenericFilterBean.java:244)- Filter 'loginAuthenticationFilter' configured successfully
2019-10-17 10:57:38,783 DEBUG (GenericFilterBean.java:213)- Initializing filter 'smsCodeFilter'
2019-10-17 10:57:38,783 DEBUG (GenericFilterBean.java:244)- Filter 'smsCodeFilter' configured successfully
2019-10-17 10:57:38,784 DEBUG (GenericFilterBean.java:213)- Initializing filter 'validateCodeFilter'
2019-10-17 10:57:38,784 DEBUG (GenericFilterBean.java:244)- Filter 'validateCodeFilter' configured successfully
2019-10-17 11:00:46,544 INFO (SpringApplication.java:654)- No active profile set, falling back to default profiles: default
2019-10-17 11:02:16,480 INFO (SpringApplication.java:654)- No active profile set, falling back to default profiles: default
2019-10-17 11:03:30,134 INFO (SpringApplication.java:654)- No active profile set, falling back to default profiles: default
2019-10-17 11:05:07,065 INFO (SpringApplication.java:654)- No active profile set, falling back to default profiles: default
2019-10-17 11:07:15,461 INFO (SpringApplication.java:654)- No active profile set, falling back to default profiles: default
2019-10-17 11:07:29,548 INFO (SpringApplication.java:654)- No active profile set, falling back to default profiles: default
2019-10-17 11:07:52,541 INFO (SpringApplication.java:654)- No active profile set, falling back to default profiles: default
2019-10-17 11:09:28,503 INFO (SpringApplication.java:654)- No active profile set, falling back to default profiles: default
2019-10-17 11:09:33,492 DEBUG (GenericFilterBean.java:213)- Initializing filter 'loginAuthenticationFilter'
2019-10-17 11:09:33,492 DEBUG (GenericFilterBean.java:244)- Filter 'loginAuthenticationFilter' configured successfully
2019-10-17 11:09:33,493 DEBUG (GenericFilterBean.java:213)- Initializing filter 'smsCodeFilter'
2019-10-17 11:09:33,493 DEBUG (GenericFilterBean.java:244)- Filter 'smsCodeFilter' configured successfully
2019-10-17 11:09:33,493 DEBUG (GenericFilterBean.java:213)- Initializing filter 'validateCodeFilter'
2019-10-17 11:09:33,493 DEBUG (GenericFilterBean.java:244)- Filter 'validateCodeFilter' configured successfully
2019-10-17 11:10:23,706 INFO (SpringApplication.java:654)- No active profile set, falling back to default profiles: default
2019-10-17 11:10:28,679 DEBUG (GenericFilterBean.java:213)- Initializing filter 'loginAuthenticationFilter'
2019-10-17 11:10:28,679 DEBUG (GenericFilterBean.java:244)- Filter 'loginAuthenticationFilter' configured successfully
2019-10-17 11:10:28,680 DEBUG (GenericFilterBean.java:213)- Initializing filter 'smsCodeFilter'
2019-10-17 11:10:28,680 DEBUG (GenericFilterBean.java:244)- Filter 'smsCodeFilter' configured successfully
2019-10-17 11:10:28,680 DEBUG (GenericFilterBean.java:213)- Initializing filter 'validateCodeFilter'
2019-10-17 11:10:28,680 DEBUG (GenericFilterBean.java:244)- Filter 'validateCodeFilter' configured successfully
2019-10-17 11:11:09,310 INFO (SpringApplication.java:654)- No active profile set, falling back to default profiles: default
2019-10-17 11:11:14,170 DEBUG (GenericFilterBean.java:213)- Initializing filter 'loginAuthenticationFilter'
2019-10-17 11:11:14,170 DEBUG (GenericFilterBean.java:244)- Filter 'loginAuthenticationFilter' configured successfully
2019-10-17 11:11:14,170 DEBUG (GenericFilterBean.java:213)- Initializing filter 'smsCodeFilter'
2019-10-17 11:11:14,171 DEBUG (GenericFilterBean.java:244)- Filter 'smsCodeFilter' configured successfully
2019-10-17 11:11:14,171 DEBUG (GenericFilterBean.java:213)- Initializing filter 'validateCodeFilter'
2019-10-17 11:11:14,171 DEBUG (GenericFilterBean.java:244)- Filter 'validateCodeFilter' configured successfully
2019-10-17 11:12:17,944 INFO (SpringApplication.java:654)- No active profile set, falling back to default profiles: default
2019-10-17 11:12:23,038 DEBUG (GenericFilterBean.java:213)- Initializing filter 'loginAuthenticationFilter'
2019-10-17 11:12:23,039 DEBUG (GenericFilterBean.java:244)- Filter 'loginAuthenticationFilter' configured successfully
2019-10-17 11:12:23,039 DEBUG (GenericFilterBean.java:213)- Initializing filter 'smsCodeFilter'
2019-10-17 11:12:23,039 DEBUG (GenericFilterBean.java:244)- Filter 'smsCodeFilter' configured successfully
2019-10-17 11:12:23,040 DEBUG (GenericFilterBean.java:213)- Initializing filter 'validateCodeFilter'
2019-10-17 11:12:23,040 DEBUG (GenericFilterBean.java:244)- Filter 'validateCodeFilter' configured successfully
2019-10-17 11:12:53,969 INFO (SpringApplication.java:654)- No active profile set, falling back to default profiles: default
2019-10-17 11:12:58,959 DEBUG (GenericFilterBean.java:213)- Initializing filter 'loginAuthenticationFilter'
2019-10-17 11:12:58,960 DEBUG (GenericFilterBean.java:244)- Filter 'loginAuthenticationFilter' configured successfully
2019-10-17 11:12:58,960 DEBUG (GenericFilterBean.java:213)- Initializing filter 'smsCodeFilter'
2019-10-17 11:12:58,960 DEBUG (GenericFilterBean.java:244)- Filter 'smsCodeFilter' configured successfully
2019-10-17 11:12:58,960 DEBUG (GenericFilterBean.java:213)- Initializing filter 'validateCodeFilter'
2019-10-17 11:12:58,961 DEBUG (GenericFilterBean.java:244)- Filter 'validateCodeFilter' configured successfully
2019-10-17 11:13:02,029 INFO (StartupInfoLogger.java:59)- Started SecurityserverApplication in 10.057 seconds (JVM running for 10.44)
2019-10-17 11:13:48,956 INFO (SpringApplication.java:654)- No active profile set, falling back to default profiles: default
2019-10-17 11:13:53,912 DEBUG (GenericFilterBean.java:213)- Initializing filter 'loginAuthenticationFilter'
2019-10-17 11:13:53,913 DEBUG (GenericFilterBean.java:244)- Filter 'loginAuthenticationFilter' configured successfully
2019-10-17 11:13:53,913 DEBUG (GenericFilterBean.java:213)- Initializing filter 'smsCodeFilter'
2019-10-17 11:13:53,913 DEBUG (GenericFilterBean.java:244)- Filter 'smsCodeFilter' configured successfully
2019-10-17 11:13:53,914 DEBUG (GenericFilterBean.java:213)- Initializing filter 'validateCodeFilter'
2019-10-17 11:13:53,914 DEBUG (GenericFilterBean.java:244)- Filter 'validateCodeFilter' configured successfully
2019-10-17 11:13:56,839 INFO (StartupInfoLogger.java:59)- Started SecurityserverApplication in 9.878 seconds (JVM running for 10.317)
2019-10-17 11:14:47,135 INFO (SpringApplication.java:654)- No active profile set, falling back to default profiles: default
2019-10-17 11:14:52,250 DEBUG (GenericFilterBean.java:213)- Initializing filter 'loginAuthenticationFilter'
2019-10-17 11:14:52,250 DEBUG (GenericFilterBean.java:244)- Filter 'loginAuthenticationFilter' configured successfully
2019-10-17 11:14:52,250 DEBUG (GenericFilterBean.java:213)- Initializing filter 'smsCodeFilter'
2019-10-17 11:14:52,251 DEBUG (GenericFilterBean.java:244)- Filter 'smsCodeFilter' configured successfully
2019-10-17 11:14:52,251 DEBUG (GenericFilterBean.java:213)- Initializing filter 'validateCodeFilter'
2019-10-17 11:14:52,251 DEBUG (GenericFilterBean.java:244)- Filter 'validateCodeFilter' configured successfully
2019-10-17 11:14:55,352 INFO (StartupInfoLogger.java:59)- Started SecurityserverApplication in 10.227 seconds (JVM running for 10.605)
2019-10-17 11:17:30,470 INFO (SpringApplication.java:654)- No active profile set, falling back to default profiles: default
2019-10-17 11:17:35,649 DEBUG (GenericFilterBean.java:213)- Initializing filter 'loginAuthenticationFilter'
2019-10-17 11:17:35,650 DEBUG (GenericFilterBean.java:244)- Filter 'loginAuthenticationFilter' configured successfully
2019-10-17 11:17:35,650 DEBUG (GenericFilterBean.java:213)- Initializing filter 'smsCodeFilter'
2019-10-17 11:17:35,651 DEBUG (GenericFilterBean.java:244)- Filter 'smsCodeFilter' configured successfully
2019-10-17 11:17:35,652 DEBUG (GenericFilterBean.java:213)- Initializing filter 'validateCodeFilter'
2019-10-17 11:17:35,652 DEBUG (GenericFilterBean.java:244)- Filter 'validateCodeFilter' configured successfully
2019-10-17 11:17:39,364 INFO (StartupInfoLogger.java:59)- Started SecurityserverApplication in 10.864 seconds (JVM running for 11.249)
2019-10-17 11:26:43,853 INFO (SpringApplication.java:654)- No active profile set, falling back to default profiles: default
2019-10-17 11:26:48,994 DEBUG (GenericFilterBean.java:213)- Initializing filter 'loginAuthenticationFilter'
2019-10-17 11:26:48,995 DEBUG (GenericFilterBean.java:244)- Filter 'loginAuthenticationFilter' configured successfully
2019-10-17 11:26:48,995 DEBUG (GenericFilterBean.java:213)- Initializing filter 'smsCodeFilter'
2019-10-17 11:26:48,996 DEBUG (GenericFilterBean.java:244)- Filter 'smsCodeFilter' configured successfully
2019-10-17 11:26:48,996 DEBUG (GenericFilterBean.java:213)- Initializing filter 'validateCodeFilter'
2019-10-17 11:26:48,996 DEBUG (GenericFilterBean.java:244)- Filter 'validateCodeFilter' configured successfully
2019-10-17 11:26:52,097 INFO (StartupInfoLogger.java:59)- Started SecurityserverApplication in 10.557 seconds (JVM running for 11.189)
2019-10-17 11:27:17,563 INFO (SpringApplication.java:654)- No active profile set, falling back to default profiles: default
2019-10-17 11:27:43,101 INFO (SpringApplication.java:654)- No active profile set, falling back to default profiles: default
2019-10-17 11:27:48,129 DEBUG (GenericFilterBean.java:213)- Initializing filter 'loginAuthenticationFilter'
2019-10-17 11:27:48,129 DEBUG (GenericFilterBean.java:244)- Filter 'loginAuthenticationFilter' configured successfully
2019-10-17 11:27:48,129 DEBUG (GenericFilterBean.java:213)- Initializing filter 'smsCodeFilter'
2019-10-17 11:27:48,130 DEBUG (GenericFilterBean.java:244)- Filter 'smsCodeFilter' configured successfully
2019-10-17 11:27:48,130 DEBUG (GenericFilterBean.java:213)- Initializing filter 'validateCodeFilter'
2019-10-17 11:27:48,130 DEBUG (GenericFilterBean.java:244)- Filter 'validateCodeFilter' configured successfully
2019-10-17 11:27:51,236 INFO (StartupInfoLogger.java:59)- Started SecurityserverApplication in 10.096 seconds (JVM running for 10.485)
2019-10-17 11:33:31,748 INFO (SpringApplication.java:654)- No active profile set, falling back to default profiles: default
2019-10-17 11:34:08,071 INFO (SpringApplication.java:654)- No active profile set, falling back to default profiles: default
2019-10-17 11:34:13,081 DEBUG (GenericFilterBean.java:213)- Initializing filter 'loginAuthenticationFilter'
2019-10-17 11:34:13,081 DEBUG (GenericFilterBean.java:244)- Filter 'loginAuthenticationFilter' configured successfully
2019-10-17 11:34:13,082 DEBUG (GenericFilterBean.java:213)- Initializing filter 'smsCodeFilter'
2019-10-17 11:34:13,082 DEBUG (GenericFilterBean.java:244)- Filter 'smsCodeFilter' configured successfully
2019-10-17 11:34:13,082 DEBUG (GenericFilterBean.java:213)- Initializing filter 'validateCodeFilter'
2019-10-17 11:34:13,082 DEBUG (GenericFilterBean.java:244)- Filter 'validateCodeFilter' configured successfully
2019-10-17 11:34:16,075 INFO (StartupInfoLogger.java:59)- Started SecurityserverApplication in 9.943 seconds (JVM running for 10.324)
2019-10-17 11:35:28,474 INFO (SpringApplication.java:654)- No active profile set, falling back to default profiles: default
2019-10-17 11:35:33,447 DEBUG (GenericFilterBean.java:213)- Initializing filter 'loginAuthenticationFilter'
2019-10-17 11:35:33,448 DEBUG (GenericFilterBean.java:244)- Filter 'loginAuthenticationFilter' configured successfully
2019-10-17 11:35:33,448 DEBUG (GenericFilterBean.java:213)- Initializing filter 'smsCodeFilter'
2019-10-17 11:35:33,449 DEBUG (GenericFilterBean.java:244)- Filter 'smsCodeFilter' configured successfully
2019-10-17 11:35:33,449 DEBUG (GenericFilterBean.java:213)- Initializing filter 'validateCodeFilter'
2019-10-17 11:35:33,449 DEBUG (GenericFilterBean.java:244)- Filter 'validateCodeFilter' configured successfully
2019-10-17 11:35:36,438 INFO (StartupInfoLogger.java:59)- Started SecurityserverApplication in 9.901 seconds (JVM running for 10.278)
2019-10-17 11:35:43,247 DEBUG (AbstractAuthenticationProcessingFilter.java:206)- Request is to process authentication
2019-10-17 11:35:43,381 DEBUG (BaseJdbcLogger.java:159)- ==>  Preparing: select * from tz_sys_user where username = ? 
2019-10-17 11:35:43,404 DEBUG (BaseJdbcLogger.java:159)- ==> Parameters: admin(String)
2019-10-17 11:35:43,435 DEBUG (BaseJdbcLogger.java:159)- <==      Total: 1
2019-10-17 11:35:43,515 DEBUG (BaseJdbcLogger.java:159)- ==>  Preparing: select * from tz_sys_menu order by order_num 
2019-10-17 11:35:43,516 DEBUG (BaseJdbcLogger.java:159)- ==> Parameters: 
2019-10-17 11:35:43,533 DEBUG (BaseJdbcLogger.java:159)- <==      Total: 104
2019-10-17 11:35:43,612 DEBUG (AbstractAuthenticationProcessingFilter.java:312)- Authentication success. Updating SecurityContextHolder to contain: org.springframework.security.authentication.UsernamePasswordAuthenticationToken@7354264d: Principal: snod.com.cn.entity.SecurityUser@586034f: Username: admin; Password: [PROTECTED]; Enabled: true; AccountNonExpired: true; credentialsNonExpired: true; AccountNonLocked: true; Granted Authorities: admin:area:delete,admin:area:info,admin:area:list,admin:area:page,admin:area:save,admin:area:update,admin:hotSearch:delete,admin:hotSearch:page,admin:hotSearch:save,admin:hotSearch:update,admin:indexImg:delete,admin:indexImg:info,admin:indexImg:page,admin:indexImg:save,admin:indexImg:update,admin:user:delete,admin:user:info,admin:user:page,admin:user:save,admin:user:update,order:order:delete,order:order:delivery,order:order:info,order:order:page,order:order:pay,order:order:save,order:order:soldExcel,order:order:update,order:order:waitingConsignmentExcel,prod:category:delete,prod:category:info,prod:category:page,prod:category:save,prod:category:update,prod:prod:delete,prod:prod:info,prod:prod:page,prod:prod:save,prod:prod:update,prod:prodComm:delete,prod:prodComm:info,prod:prodComm:page,prod:prodComm:save,prod:prodComm:update,prod:prodTag,prod:prodTag:delete,prod:prodTag:info,prod:prodTag:page,prod:prodTag:save,prod:prodTag:update,prod:spec:delete,prod:spec:info,prod:spec:page,prod:spec:save,prod:spec:update,shop:notice:delete,shop:notice:info,shop:notice:page,shop:notice:save,shop:notice:update,shop:pickAddr:delete,shop:pickAddr:info,shop:pickAddr:page,shop:pickAddr:save,shop:pickAddr:update,shop:shopDetail:info,shop:transcity:info,shop:transfee:delete,shop:transfee:info,shop:transfee:save,shop:transfee:update,shop:transport:delete,shop:transport:info,shop:transport:page,shop:transport:save,shop:transport:update,sys:config:delete,sys:config:info,sys:config:page,sys:config:save,sys:config:update,sys:log:page,sys:menu:delete,sys:menu:info,sys:menu:list,sys:menu:save,sys:menu:select,sys:menu:update,sys:role:delete,sys:role:info,sys:role:list,sys:role:page,sys:role:save,sys:role:update,sys:schedule:delete,sys:schedule:info,sys:schedule:log,sys:schedule:page,sys:schedule:pause,sys:schedule:resume,sys:schedule:run,sys:schedule:save,sys:schedule:update,sys:user:delete,sys:user:info,sys:user:page,sys:user:save,sys:user:update,user:addr:save; Credentials: [PROTECTED]; Authenticated: true; Details: org.springframework.security.web.authentication.WebAuthenticationDetails@7798: RemoteIpAddress: 192.168.107.145; SessionId: null; Granted Authorities: admin:area:delete, admin:area:info, admin:area:list, admin:area:page, admin:area:save, admin:area:update, admin:hotSearch:delete, admin:hotSearch:page, admin:hotSearch:save, admin:hotSearch:update, admin:indexImg:delete, admin:indexImg:info, admin:indexImg:page, admin:indexImg:save, admin:indexImg:update, admin:user:delete, admin:user:info, admin:user:page, admin:user:save, admin:user:update, order:order:delete, order:order:delivery, order:order:info, order:order:page, order:order:pay, order:order:save, order:order:soldExcel, order:order:update, order:order:waitingConsignmentExcel, prod:category:delete, prod:category:info, prod:category:page, prod:category:save, prod:category:update, prod:prod:delete, prod:prod:info, prod:prod:page, prod:prod:save, prod:prod:update, prod:prodComm:delete, prod:prodComm:info, prod:prodComm:page, prod:prodComm:save, prod:prodComm:update, prod:prodTag, prod:prodTag:delete, prod:prodTag:info, prod:prodTag:page, prod:prodTag:save, prod:prodTag:update, prod:spec:delete, prod:spec:info, prod:spec:page, prod:spec:save, prod:spec:update, shop:notice:delete, shop:notice:info, shop:notice:page, shop:notice:save, shop:notice:update, shop:pickAddr:delete, shop:pickAddr:info, shop:pickAddr:page, shop:pickAddr:save, shop:pickAddr:update, shop:shopDetail:info, shop:transcity:info, shop:transfee:delete, shop:transfee:info, shop:transfee:save, shop:transfee:update, shop:transport:delete, shop:transport:info, shop:transport:page, shop:transport:save, shop:transport:update, sys:config:delete, sys:config:info, sys:config:page, sys:config:save, sys:config:update, sys:log:page, sys:menu:delete, sys:menu:info, sys:menu:list, sys:menu:save, sys:menu:select, sys:menu:update, sys:role:delete, sys:role:info, sys:role:list, sys:role:page, sys:role:save, sys:role:update, sys:schedule:delete, sys:schedule:info, sys:schedule:log, sys:schedule:page, sys:schedule:pause, sys:schedule:resume, sys:schedule:run, sys:schedule:save, sys:schedule:update, sys:user:delete, sys:user:info, sys:user:page, sys:user:save, sys:user:update, user:addr:save
2019-10-17 11:35:43,753 DEBUG (MyAuthenticationSucessHandler.java:78)- 登录成功
2019-10-17 11:39:47,784 INFO (SpringApplication.java:654)- No active profile set, falling back to default profiles: default
2019-10-17 11:40:04,538 INFO (SpringApplication.java:654)- No active profile set, falling back to default profiles: default
2019-10-17 11:40:09,651 DEBUG (GenericFilterBean.java:213)- Initializing filter 'loginAuthenticationFilter'
2019-10-17 11:40:09,651 DEBUG (GenericFilterBean.java:244)- Filter 'loginAuthenticationFilter' configured successfully
2019-10-17 11:40:09,651 DEBUG (GenericFilterBean.java:213)- Initializing filter 'smsCodeFilter'
2019-10-17 11:40:09,652 DEBUG (GenericFilterBean.java:244)- Filter 'smsCodeFilter' configured successfully
2019-10-17 11:40:09,652 DEBUG (GenericFilterBean.java:213)- Initializing filter 'validateCodeFilter'
2019-10-17 11:40:09,652 DEBUG (GenericFilterBean.java:244)- Filter 'validateCodeFilter' configured successfully
2019-10-17 11:40:12,776 INFO (StartupInfoLogger.java:59)- Started SecurityserverApplication in 10.228 seconds (JVM running for 10.61)
2019-10-17 11:42:05,932 INFO (SpringApplication.java:654)- No active profile set, falling back to default profiles: default
2019-10-17 11:42:11,120 DEBUG (GenericFilterBean.java:213)- Initializing filter 'loginAuthenticationFilter'
2019-10-17 11:42:11,121 DEBUG (GenericFilterBean.java:244)- Filter 'loginAuthenticationFilter' configured successfully
2019-10-17 11:42:11,121 DEBUG (GenericFilterBean.java:213)- Initializing filter 'smsCodeFilter'
2019-10-17 11:42:11,121 DEBUG (GenericFilterBean.java:244)- Filter 'smsCodeFilter' configured successfully
2019-10-17 11:42:11,122 DEBUG (GenericFilterBean.java:213)- Initializing filter 'validateCodeFilter'
2019-10-17 11:42:11,122 DEBUG (GenericFilterBean.java:244)- Filter 'validateCodeFilter' configured successfully
2019-10-17 11:42:14,180 INFO (StartupInfoLogger.java:59)- Started SecurityserverApplication in 10.258 seconds (JVM running for 10.646)
2019-10-17 11:43:20,097 INFO (SpringApplication.java:654)- No active profile set, falling back to default profiles: default
2019-10-17 11:43:37,348 INFO (SpringApplication.java:654)- No active profile set, falling back to default profiles: default
2019-10-17 11:43:42,178 DEBUG (GenericFilterBean.java:213)- Initializing filter 'loginAuthenticationFilter'
2019-10-17 11:43:42,179 DEBUG (GenericFilterBean.java:244)- Filter 'loginAuthenticationFilter' configured successfully
2019-10-17 11:43:42,179 DEBUG (GenericFilterBean.java:213)- Initializing filter 'smsCodeFilter'
2019-10-17 11:43:42,179 DEBUG (GenericFilterBean.java:244)- Filter 'smsCodeFilter' configured successfully
2019-10-17 11:43:42,180 DEBUG (GenericFilterBean.java:213)- Initializing filter 'validateCodeFilter'
2019-10-17 11:43:42,180 DEBUG (GenericFilterBean.java:244)- Filter 'validateCodeFilter' configured successfully
2019-10-17 11:43:45,251 INFO (StartupInfoLogger.java:59)- Started SecurityserverApplication in 9.839 seconds (JVM running for 10.218)
2019-10-17 11:44:34,193 INFO (SpringApplication.java:654)- No active profile set, falling back to default profiles: default
2019-10-17 11:44:39,191 DEBUG (GenericFilterBean.java:213)- Initializing filter 'loginAuthenticationFilter'
2019-10-17 11:44:39,191 DEBUG (GenericFilterBean.java:244)- Filter 'loginAuthenticationFilter' configured successfully
2019-10-17 11:44:39,191 DEBUG (GenericFilterBean.java:213)- Initializing filter 'smsCodeFilter'
2019-10-17 11:44:39,191 DEBUG (GenericFilterBean.java:244)- Filter 'smsCodeFilter' configured successfully
2019-10-17 11:44:39,192 DEBUG (GenericFilterBean.java:213)- Initializing filter 'validateCodeFilter'
2019-10-17 11:44:39,192 DEBUG (GenericFilterBean.java:244)- Filter 'validateCodeFilter' configured successfully
2019-10-17 11:44:42,183 INFO (StartupInfoLogger.java:59)- Started SecurityserverApplication in 9.992 seconds (JVM running for 10.371)
2019-10-17 11:45:15,708 INFO (SpringApplication.java:654)- No active profile set, falling back to default profiles: default
2019-10-17 11:45:20,758 DEBUG (GenericFilterBean.java:213)- Initializing filter 'loginAuthenticationFilter'
2019-10-17 11:45:20,759 DEBUG (GenericFilterBean.java:244)- Filter 'loginAuthenticationFilter' configured successfully
2019-10-17 11:45:20,759 DEBUG (GenericFilterBean.java:213)- Initializing filter 'smsCodeFilter'
2019-10-17 11:45:20,759 DEBUG (GenericFilterBean.java:244)- Filter 'smsCodeFilter' configured successfully
2019-10-17 11:45:20,759 DEBUG (GenericFilterBean.java:213)- Initializing filter 'validateCodeFilter'
2019-10-17 11:45:20,760 DEBUG (GenericFilterBean.java:244)- Filter 'validateCodeFilter' configured successfully
2019-10-17 11:45:24,059 INFO (StartupInfoLogger.java:59)- Started SecurityserverApplication in 10.322 seconds (JVM running for 10.709)
2019-10-17 15:28:39,674 INFO (SpringApplication.java:654)- No active profile set, falling back to default profiles: default
2019-10-17 15:28:45,266 DEBUG (GenericFilterBean.java:213)- Initializing filter 'loginAuthenticationFilter'
2019-10-17 15:28:45,267 DEBUG (GenericFilterBean.java:244)- Filter 'loginAuthenticationFilter' configured successfully
2019-10-17 15:28:45,267 DEBUG (GenericFilterBean.java:213)- Initializing filter 'smsCodeFilter'
2019-10-17 15:28:45,267 DEBUG (GenericFilterBean.java:244)- Filter 'smsCodeFilter' configured successfully
2019-10-17 15:28:45,267 DEBUG (GenericFilterBean.java:213)- Initializing filter 'validateCodeFilter'
2019-10-17 15:28:45,268 DEBUG (GenericFilterBean.java:244)- Filter 'validateCodeFilter' configured successfully
2019-10-17 15:28:48,548 INFO (StartupInfoLogger.java:59)- Started SecurityserverApplication in 11.134 seconds (JVM running for 11.521)
2019-10-17 15:30:18,027 INFO (SpringApplication.java:654)- No active profile set, falling back to default profiles: default
2019-10-17 15:30:23,113 DEBUG (GenericFilterBean.java:213)- Initializing filter 'loginAuthenticationFilter'
2019-10-17 15:30:23,114 DEBUG (GenericFilterBean.java:244)- Filter 'loginAuthenticationFilter' configured successfully
2019-10-17 15:30:23,114 DEBUG (GenericFilterBean.java:213)- Initializing filter 'smsCodeFilter'
2019-10-17 15:30:23,114 DEBUG (GenericFilterBean.java:244)- Filter 'smsCodeFilter' configured successfully
2019-10-17 15:30:23,114 DEBUG (GenericFilterBean.java:213)- Initializing filter 'validateCodeFilter'
2019-10-17 15:30:23,114 DEBUG (GenericFilterBean.java:244)- Filter 'validateCodeFilter' configured successfully
2019-10-17 15:30:26,466 INFO (StartupInfoLogger.java:59)- Started SecurityserverApplication in 10.5 seconds (JVM running for 10.882)
2019-10-17 16:29:33,226 INFO (SpringApplication.java:654)- No active profile set, falling back to default profiles: default
2019-10-17 16:29:40,603 DEBUG (GenericFilterBean.java:213)- Initializing filter 'loginAuthenticationFilter'
2019-10-17 16:29:40,603 DEBUG (GenericFilterBean.java:244)- Filter 'loginAuthenticationFilter' configured successfully
2019-10-17 16:29:40,603 DEBUG (GenericFilterBean.java:213)- Initializing filter 'smsCodeFilter'
2019-10-17 16:29:40,604 DEBUG (GenericFilterBean.java:244)- Filter 'smsCodeFilter' configured successfully
2019-10-17 16:29:40,604 DEBUG (GenericFilterBean.java:213)- Initializing filter 'validateCodeFilter'
2019-10-17 16:29:40,604 DEBUG (GenericFilterBean.java:244)- Filter 'validateCodeFilter' configured successfully
2019-10-17 16:33:45,565 INFO (SpringApplication.java:654)- No active profile set, falling back to default profiles: default
2019-10-17 16:33:52,396 DEBUG (GenericFilterBean.java:213)- Initializing filter 'loginAuthenticationFilter'
2019-10-17 16:33:52,397 DEBUG (GenericFilterBean.java:244)- Filter 'loginAuthenticationFilter' configured successfully
2019-10-17 16:33:52,398 DEBUG (GenericFilterBean.java:213)- Initializing filter 'smsCodeFilter'
2019-10-17 16:33:52,398 DEBUG (GenericFilterBean.java:244)- Filter 'smsCodeFilter' configured successfully
2019-10-17 16:33:52,398 DEBUG (GenericFilterBean.java:213)- Initializing filter 'validateCodeFilter'
2019-10-17 16:33:52,398 DEBUG (GenericFilterBean.java:244)- Filter 'validateCodeFilter' configured successfully
2019-10-17 16:38:42,937 INFO (SpringApplication.java:654)- No active profile set, falling back to default profiles: default
2019-10-17 16:38:49,233 DEBUG (GenericFilterBean.java:213)- Initializing filter 'loginAuthenticationFilter'
2019-10-17 16:38:49,234 DEBUG (GenericFilterBean.java:244)- Filter 'loginAuthenticationFilter' configured successfully
2019-10-17 16:38:49,234 DEBUG (GenericFilterBean.java:213)- Initializing filter 'smsCodeFilter'
2019-10-17 16:38:49,235 DEBUG (GenericFilterBean.java:244)- Filter 'smsCodeFilter' configured successfully
2019-10-17 16:38:49,235 DEBUG (GenericFilterBean.java:213)- Initializing filter 'validateCodeFilter'
2019-10-17 16:38:49,235 DEBUG (GenericFilterBean.java:244)- Filter 'validateCodeFilter' configured successfully
2019-10-17 16:55:51,406 INFO (SpringApplication.java:654)- No active profile set, falling back to default profiles: default
2019-10-17 16:55:58,279 DEBUG (GenericFilterBean.java:213)- Initializing filter 'loginAuthenticationFilter'
2019-10-17 16:55:58,280 DEBUG (GenericFilterBean.java:244)- Filter 'loginAuthenticationFilter' configured successfully
2019-10-17 16:55:58,280 DEBUG (GenericFilterBean.java:213)- Initializing filter 'smsCodeFilter'
2019-10-17 16:55:58,281 DEBUG (GenericFilterBean.java:244)- Filter 'smsCodeFilter' configured successfully
2019-10-17 16:55:58,281 DEBUG (GenericFilterBean.java:213)- Initializing filter 'validateCodeFilter'
2019-10-17 16:55:58,281 DEBUG (GenericFilterBean.java:244)- Filter 'validateCodeFilter' configured successfully
2019-10-17 17:09:46,175 INFO (SpringApplication.java:654)- No active profile set, falling back to default profiles: default
2019-10-17 17:09:53,311 DEBUG (GenericFilterBean.java:213)- Initializing filter 'loginAuthenticationFilter'
2019-10-17 17:09:53,312 DEBUG (GenericFilterBean.java:244)- Filter 'loginAuthenticationFilter' configured successfully
2019-10-17 17:09:53,312 DEBUG (GenericFilterBean.java:213)- Initializing filter 'smsCodeFilter'
2019-10-17 17:09:53,312 DEBUG (GenericFilterBean.java:244)- Filter 'smsCodeFilter' configured successfully
2019-10-17 17:09:53,313 DEBUG (GenericFilterBean.java:213)- Initializing filter 'validateCodeFilter'
2019-10-17 17:09:53,313 DEBUG (GenericFilterBean.java:244)- Filter 'validateCodeFilter' configured successfully
2019-10-17 17:10:40,286 INFO (SpringApplication.java:654)- No active profile set, falling back to default profiles: default
2019-10-17 17:10:46,749 DEBUG (GenericFilterBean.java:213)- Initializing filter 'loginAuthenticationFilter'
2019-10-17 17:10:46,750 DEBUG (GenericFilterBean.java:244)- Filter 'loginAuthenticationFilter' configured successfully
2019-10-17 17:10:46,750 DEBUG (GenericFilterBean.java:213)- Initializing filter 'smsCodeFilter'
2019-10-17 17:10:46,750 DEBUG (GenericFilterBean.java:244)- Filter 'smsCodeFilter' configured successfully
2019-10-17 17:10:46,750 DEBUG (GenericFilterBean.java:213)- Initializing filter 'validateCodeFilter'
2019-10-17 17:10:46,751 DEBUG (GenericFilterBean.java:244)- Filter 'validateCodeFilter' configured successfully
2019-10-17 17:15:23,919 INFO (SpringApplication.java:654)- No active profile set, falling back to default profiles: default
2019-10-17 17:15:30,413 DEBUG (GenericFilterBean.java:213)- Initializing filter 'loginAuthenticationFilter'
2019-10-17 17:15:30,414 DEBUG (GenericFilterBean.java:244)- Filter 'loginAuthenticationFilter' configured successfully
2019-10-17 17:15:30,414 DEBUG (GenericFilterBean.java:213)- Initializing filter 'smsCodeFilter'
2019-10-17 17:15:30,414 DEBUG (GenericFilterBean.java:244)- Filter 'smsCodeFilter' configured successfully
2019-10-17 17:15:30,414 DEBUG (GenericFilterBean.java:213)- Initializing filter 'validateCodeFilter'
2019-10-17 17:15:30,415 DEBUG (GenericFilterBean.java:244)- Filter 'validateCodeFilter' configured successfully
2019-10-17 17:56:31,975 INFO (SpringApplication.java:654)- No active profile set, falling back to default profiles: default
2019-10-17 17:56:38,535 DEBUG (GenericFilterBean.java:213)- Initializing filter 'loginAuthenticationFilter'
2019-10-17 17:56:38,535 DEBUG (GenericFilterBean.java:244)- Filter 'loginAuthenticationFilter' configured successfully
2019-10-17 17:56:38,535 DEBUG (GenericFilterBean.java:213)- Initializing filter 'smsCodeFilter'
2019-10-17 17:56:38,536 DEBUG (GenericFilterBean.java:244)- Filter 'smsCodeFilter' configured successfully
2019-10-17 17:56:38,536 DEBUG (GenericFilterBean.java:213)- Initializing filter 'validateCodeFilter'
2019-10-17 17:56:38,536 DEBUG (GenericFilterBean.java:244)- Filter 'validateCodeFilter' configured successfully
