2019-10-18 10:26:47,204 INFO (SpringApplication.java:654)- No active profile set, falling back to default profiles: default
2019-10-18 10:26:54,036 DEBUG (GenericFilterBean.java:213)- Initializing filter 'loginAuthenticationFilter'
2019-10-18 10:26:54,037 DEBUG (GenericFilterBean.java:244)- Filter 'loginAuthenticationFilter' configured successfully
2019-10-18 10:26:54,037 DEBUG (GenericFilterBean.java:213)- Initializing filter 'smsCodeFilter'
2019-10-18 10:26:54,038 DEBUG (GenericFilterBean.java:244)- Filter 'smsCodeFilter' configured successfully
2019-10-18 10:26:54,038 DEBUG (GenericFilterBean.java:213)- Initializing filter 'validateCodeFilter'
2019-10-18 10:26:54,039 DEBUG (GenericFilterBean.java:244)- Filter 'validateCodeFilter' configured successfully
2019-10-18 15:01:19,917 INFO (SpringApplication.java:654)- No active profile set, falling back to default profiles: default
2019-10-18 15:02:29,491 INFO (SpringApplication.java:654)- No active profile set, falling back to default profiles: default
2019-10-18 15:02:36,605 DEBUG (GenericFilterBean.java:213)- Initializing filter 'loginAuthenticationFilter'
2019-10-18 15:02:36,605 DEBUG (GenericFilterBean.java:244)- Filter 'loginAuthenticationFilter' configured successfully
2019-10-18 15:02:36,605 DEBUG (GenericFilterBean.java:213)- Initializing filter 'smsCodeFilter'
2019-10-18 15:02:36,605 DEBUG (GenericFilterBean.java:244)- Filter 'smsCodeFilter' configured successfully
2019-10-18 15:02:36,606 DEBUG (GenericFilterBean.java:213)- Initializing filter 'validateCodeFilter'
2019-10-18 15:02:36,606 DEBUG (GenericFilterBean.java:244)- Filter 'validateCodeFilter' configured successfully
2019-10-18 15:42:33,801 INFO (SpringApplication.java:654)- No active profile set, falling back to default profiles: default
2019-10-18 15:42:40,374 DEBUG (GenericFilterBean.java:213)- Initializing filter 'loginAuthenticationFilter'
2019-10-18 15:42:40,374 DEBUG (GenericFilterBean.java:244)- Filter 'loginAuthenticationFilter' configured successfully
2019-10-18 15:42:40,375 DEBUG (GenericFilterBean.java:213)- Initializing filter 'smsCodeFilter'
2019-10-18 15:42:40,375 DEBUG (GenericFilterBean.java:244)- Filter 'smsCodeFilter' configured successfully
2019-10-18 15:42:40,375 DEBUG (GenericFilterBean.java:213)- Initializing filter 'validateCodeFilter'
2019-10-18 15:42:40,375 DEBUG (GenericFilterBean.java:244)- Filter 'validateCodeFilter' configured successfully
2019-10-18 15:59:17,542 INFO (SpringApplication.java:654)- No active profile set, falling back to default profiles: default
2019-10-18 15:59:23,947 DEBUG (GenericFilterBean.java:213)- Initializing filter 'loginAuthenticationFilter'
2019-10-18 15:59:23,947 DEBUG (GenericFilterBean.java:244)- Filter 'loginAuthenticationFilter' configured successfully
2019-10-18 15:59:23,947 DEBUG (GenericFilterBean.java:213)- Initializing filter 'smsCodeFilter'
2019-10-18 15:59:23,948 DEBUG (GenericFilterBean.java:244)- Filter 'smsCodeFilter' configured successfully
2019-10-18 15:59:23,948 DEBUG (GenericFilterBean.java:213)- Initializing filter 'validateCodeFilter'
2019-10-18 15:59:23,948 DEBUG (GenericFilterBean.java:244)- Filter 'validateCodeFilter' configured successfully
2019-10-18 16:40:53,294 INFO (SpringApplication.java:654)- No active profile set, falling back to default profiles: default
2019-10-18 16:40:59,623 DEBUG (GenericFilterBean.java:213)- Initializing filter 'loginAuthenticationFilter'
2019-10-18 16:40:59,623 DEBUG (GenericFilterBean.java:244)- Filter 'loginAuthenticationFilter' configured successfully
2019-10-18 16:40:59,624 DEBUG (GenericFilterBean.java:213)- Initializing filter 'smsCodeFilter'
2019-10-18 16:40:59,624 DEBUG (GenericFilterBean.java:244)- Filter 'smsCodeFilter' configured successfully
2019-10-18 16:40:59,624 DEBUG (GenericFilterBean.java:213)- Initializing filter 'validateCodeFilter'
2019-10-18 16:40:59,624 DEBUG (GenericFilterBean.java:244)- Filter 'validateCodeFilter' configured successfully
2019-10-18 16:43:52,384 INFO (SpringApplication.java:654)- No active profile set, falling back to default profiles: default
2019-10-18 16:43:58,515 DEBUG (GenericFilterBean.java:213)- Initializing filter 'loginAuthenticationFilter'
2019-10-18 16:43:58,516 DEBUG (GenericFilterBean.java:244)- Filter 'loginAuthenticationFilter' configured successfully
2019-10-18 16:43:58,516 DEBUG (GenericFilterBean.java:213)- Initializing filter 'smsCodeFilter'
2019-10-18 16:43:58,516 DEBUG (GenericFilterBean.java:244)- Filter 'smsCodeFilter' configured successfully
2019-10-18 16:43:58,517 DEBUG (GenericFilterBean.java:213)- Initializing filter 'validateCodeFilter'
2019-10-18 16:43:58,517 DEBUG (GenericFilterBean.java:244)- Filter 'validateCodeFilter' configured successfully
2019-10-18 16:51:21,874 INFO (SpringApplication.java:654)- No active profile set, falling back to default profiles: default
2019-10-18 16:51:28,377 DEBUG (GenericFilterBean.java:213)- Initializing filter 'loginAuthenticationFilter'
2019-10-18 16:51:28,378 DEBUG (GenericFilterBean.java:244)- Filter 'loginAuthenticationFilter' configured successfully
2019-10-18 16:51:28,378 DEBUG (GenericFilterBean.java:213)- Initializing filter 'smsCodeFilter'
2019-10-18 16:51:28,378 DEBUG (GenericFilterBean.java:244)- Filter 'smsCodeFilter' configured successfully
2019-10-18 16:51:28,379 DEBUG (GenericFilterBean.java:213)- Initializing filter 'validateCodeFilter'
2019-10-18 16:51:28,379 DEBUG (GenericFilterBean.java:244)- Filter 'validateCodeFilter' configured successfully
2019-10-18 17:55:29,251 INFO (SpringApplication.java:654)- No active profile set, falling back to default profiles: default
2019-10-18 17:55:41,419 DEBUG (GenericFilterBean.java:213)- Initializing filter 'loginAuthenticationFilter'
2019-10-18 17:55:41,420 DEBUG (GenericFilterBean.java:244)- Filter 'loginAuthenticationFilter' configured successfully
2019-10-18 17:55:41,420 DEBUG (GenericFilterBean.java:213)- Initializing filter 'smsCodeFilter'
2019-10-18 17:55:41,421 DEBUG (GenericFilterBean.java:244)- Filter 'smsCodeFilter' configured successfully
2019-10-18 17:55:41,421 DEBUG (GenericFilterBean.java:213)- Initializing filter 'validateCodeFilter'
2019-10-18 17:55:41,421 DEBUG (GenericFilterBean.java:244)- Filter 'validateCodeFilter' configured successfully
